{"C:\\sustaina\\src\\main.js": {"path":"C:\\sustaina\\src\\main.js","all":true,"statementMap":{"0":{"start":{"line":1,"column":0},"end":{"line":1,"column":46}},"1":{"start":{"line":2,"column":0},"end":{"line":2,"column":30}},"2":{"start":{"line":3,"column":0},"end":{"line":3,"column":46}},"3":{"start":{"line":4,"column":0},"end":{"line":4,"column":0}},"4":{"start":{"line":5,"column":0},"end":{"line":5,"column":3}},"5":{"start":{"line":6,"column":0},"end":{"line":6,"column":50}},"6":{"start":{"line":7,"column":0},"end":{"line":7,"column":3}},"7":{"start":{"line":8,"column":0},"end":{"line":8,"column":0}},"8":{"start":{"line":9,"column":0},"end":{"line":9,"column":21}},"9":{"start":{"line":10,"column":0},"end":{"line":10,"column":51}},"10":{"start":{"line":11,"column":0},"end":{"line":11,"column":56}},"11":{"start":{"line":12,"column":0},"end":{"line":12,"column":54}},"12":{"start":{"line":13,"column":0},"end":{"line":13,"column":86}},"13":{"start":{"line":14,"column":0},"end":{"line":14,"column":58}},"14":{"start":{"line":15,"column":0},"end":{"line":15,"column":0}},"15":{"start":{"line":16,"column":0},"end":{"line":16,"column":15}},"16":{"start":{"line":17,"column":0},"end":{"line":17,"column":55}},"17":{"start":{"line":18,"column":0},"end":{"line":18,"column":59}},"18":{"start":{"line":19,"column":0},"end":{"line":19,"column":55}},"19":{"start":{"line":20,"column":0},"end":{"line":20,"column":53}},"20":{"start":{"line":21,"column":0},"end":{"line":21,"column":57}},"21":{"start":{"line":22,"column":0},"end":{"line":22,"column":51}},"22":{"start":{"line":23,"column":0},"end":{"line":23,"column":47}},"23":{"start":{"line":24,"column":0},"end":{"line":24,"column":55}},"24":{"start":{"line":25,"column":0},"end":{"line":25,"column":51}},"25":{"start":{"line":26,"column":0},"end":{"line":26,"column":53}},"26":{"start":{"line":27,"column":0},"end":{"line":27,"column":57}},"27":{"start":{"line":28,"column":0},"end":{"line":28,"column":77}},"28":{"start":{"line":29,"column":0},"end":{"line":29,"column":45}},"29":{"start":{"line":30,"column":0},"end":{"line":30,"column":53}},"30":{"start":{"line":31,"column":0},"end":{"line":31,"column":71}},"31":{"start":{"line":32,"column":0},"end":{"line":32,"column":63}},"32":{"start":{"line":33,"column":0},"end":{"line":33,"column":55}},"33":{"start":{"line":34,"column":0},"end":{"line":34,"column":0}},"34":{"start":{"line":35,"column":0},"end":{"line":35,"column":23}},"35":{"start":{"line":36,"column":0},"end":{"line":36,"column":26}},"36":{"start":{"line":37,"column":0},"end":{"line":37,"column":32}},"37":{"start":{"line":38,"column":0},"end":{"line":38,"column":27}},"38":{"start":{"line":39,"column":0},"end":{"line":39,"column":29}},"39":{"start":{"line":40,"column":0},"end":{"line":40,"column":34}},"40":{"start":{"line":41,"column":0},"end":{"line":41,"column":27}},"41":{"start":{"line":42,"column":0},"end":{"line":42,"column":23}},"42":{"start":{"line":43,"column":0},"end":{"line":43,"column":31}},"43":{"start":{"line":44,"column":0},"end":{"line":44,"column":27}},"44":{"start":{"line":45,"column":0},"end":{"line":45,"column":29}},"45":{"start":{"line":46,"column":0},"end":{"line":46,"column":33}},"46":{"start":{"line":47,"column":0},"end":{"line":47,"column":49}},"47":{"start":{"line":48,"column":0},"end":{"line":48,"column":21}},"48":{"start":{"line":49,"column":0},"end":{"line":49,"column":29}},"49":{"start":{"line":50,"column":0},"end":{"line":50,"column":48}},"50":{"start":{"line":51,"column":0},"end":{"line":51,"column":39}},"51":{"start":{"line":52,"column":0},"end":{"line":52,"column":31}},"52":{"start":{"line":53,"column":0},"end":{"line":53,"column":2}},"53":{"start":{"line":54,"column":0},"end":{"line":54,"column":0}},"54":{"start":{"line":55,"column":0},"end":{"line":55,"column":3}},"55":{"start":{"line":56,"column":0},"end":{"line":56,"column":38}},"56":{"start":{"line":57,"column":0},"end":{"line":57,"column":25}},"57":{"start":{"line":58,"column":0},"end":{"line":58,"column":3}},"58":{"start":{"line":59,"column":0},"end":{"line":59,"column":35}},"59":{"start":{"line":60,"column":0},"end":{"line":60,"column":72}},"60":{"start":{"line":61,"column":0},"end":{"line":61,"column":70}},"61":{"start":{"line":62,"column":0},"end":{"line":62,"column":62}},"62":{"start":{"line":63,"column":0},"end":{"line":63,"column":0}},"63":{"start":{"line":64,"column":0},"end":{"line":64,"column":23}},"64":{"start":{"line":65,"column":0},"end":{"line":65,"column":21}},"65":{"start":{"line":66,"column":0},"end":{"line":66,"column":0}},"66":{"start":{"line":67,"column":0},"end":{"line":67,"column":31}},"67":{"start":{"line":68,"column":0},"end":{"line":68,"column":34}},"68":{"start":{"line":69,"column":0},"end":{"line":69,"column":11}},"69":{"start":{"line":70,"column":0},"end":{"line":70,"column":3}},"70":{"start":{"line":71,"column":0},"end":{"line":71,"column":0}},"71":{"start":{"line":72,"column":0},"end":{"line":72,"column":17}},"72":{"start":{"line":73,"column":0},"end":{"line":73,"column":34}},"73":{"start":{"line":74,"column":0},"end":{"line":74,"column":32}},"74":{"start":{"line":75,"column":0},"end":{"line":75,"column":0}},"75":{"start":{"line":76,"column":0},"end":{"line":76,"column":19}},"76":{"start":{"line":77,"column":0},"end":{"line":77,"column":40}},"77":{"start":{"line":78,"column":0},"end":{"line":78,"column":17}},"78":{"start":{"line":79,"column":0},"end":{"line":79,"column":26}},"79":{"start":{"line":80,"column":0},"end":{"line":80,"column":10}},"80":{"start":{"line":81,"column":0},"end":{"line":81,"column":84}},"81":{"start":{"line":82,"column":0},"end":{"line":82,"column":3}},"82":{"start":{"line":83,"column":0},"end":{"line":83,"column":1}},"83":{"start":{"line":84,"column":0},"end":{"line":84,"column":0}},"84":{"start":{"line":85,"column":0},"end":{"line":85,"column":22}},"85":{"start":{"line":86,"column":0},"end":{"line":86,"column":24}},"86":{"start":{"line":87,"column":0},"end":{"line":87,"column":0}},"87":{"start":{"line":88,"column":0},"end":{"line":88,"column":3}},"88":{"start":{"line":89,"column":0},"end":{"line":89,"column":56}},"89":{"start":{"line":90,"column":0},"end":{"line":90,"column":3}},"90":{"start":{"line":91,"column":0},"end":{"line":91,"column":23}},"91":{"start":{"line":92,"column":0},"end":{"line":92,"column":26}},"92":{"start":{"line":93,"column":0},"end":{"line":93,"column":21}},"93":{"start":{"line":94,"column":0},"end":{"line":94,"column":0}},"94":{"start":{"line":95,"column":0},"end":{"line":95,"column":10}},"95":{"start":{"line":96,"column":0},"end":{"line":96,"column":62}},"96":{"start":{"line":97,"column":0},"end":{"line":97,"column":66}},"97":{"start":{"line":98,"column":0},"end":{"line":98,"column":0}},"98":{"start":{"line":99,"column":0},"end":{"line":99,"column":11}},"99":{"start":{"line":100,"column":0},"end":{"line":100,"column":64}},"100":{"start":{"line":101,"column":0},"end":{"line":101,"column":31}},"101":{"start":{"line":102,"column":0},"end":{"line":102,"column":17}},"102":{"start":{"line":103,"column":0},"end":{"line":103,"column":82}},"103":{"start":{"line":104,"column":0},"end":{"line":104,"column":3}},"104":{"start":{"line":105,"column":0},"end":{"line":105,"column":0}},"105":{"start":{"line":106,"column":0},"end":{"line":106,"column":12}},"106":{"start":{"line":107,"column":0},"end":{"line":107,"column":27}},"107":{"start":{"line":108,"column":0},"end":{"line":108,"column":0}},"108":{"start":{"line":109,"column":0},"end":{"line":109,"column":11}},"109":{"start":{"line":110,"column":0},"end":{"line":110,"column":45}},"110":{"start":{"line":111,"column":0},"end":{"line":111,"column":57}},"111":{"start":{"line":112,"column":0},"end":{"line":112,"column":40}},"112":{"start":{"line":113,"column":0},"end":{"line":113,"column":27}},"113":{"start":{"line":114,"column":0},"end":{"line":114,"column":29}},"114":{"start":{"line":115,"column":0},"end":{"line":115,"column":10}},"115":{"start":{"line":116,"column":0},"end":{"line":116,"column":48}},"116":{"start":{"line":117,"column":0},"end":{"line":117,"column":29}},"117":{"start":{"line":118,"column":0},"end":{"line":118,"column":3}},"118":{"start":{"line":119,"column":0},"end":{"line":119,"column":1}},"119":{"start":{"line":120,"column":0},"end":{"line":120,"column":0}},"120":{"start":{"line":121,"column":0},"end":{"line":121,"column":40}},"121":{"start":{"line":122,"column":0},"end":{"line":122,"column":54}},"122":{"start":{"line":123,"column":0},"end":{"line":123,"column":8}},"123":{"start":{"line":124,"column":0},"end":{"line":124,"column":9}},"124":{"start":{"line":125,"column":0},"end":{"line":125,"column":1}}},"s":{"0":0,"1":0,"2":0,"3":0,"4":0,"5":0,"6":0,"7":0,"8":0,"9":0,"10":0,"11":0,"12":0,"13":0,"14":0,"15":0,"16":0,"17":0,"18":0,"19":0,"20":0,"21":0,"22":0,"23":0,"24":0,"25":0,"26":0,"27":0,"28":0,"29":0,"30":0,"31":0,"32":0,"33":0,"34":0,"35":0,"36":0,"37":0,"38":0,"39":0,"40":0,"41":0,"42":0,"43":0,"44":0,"45":0,"46":0,"47":0,"48":0,"49":0,"50":0,"51":0,"52":0,"53":0,"54":0,"55":0,"56":0,"57":0,"58":0,"59":0,"60":0,"61":0,"62":0,"63":0,"64":0,"65":0,"66":0,"67":0,"68":0,"69":0,"70":0,"71":0,"72":0,"73":0,"74":0,"75":0,"76":0,"77":0,"78":0,"79":0,"80":0,"81":0,"82":0,"83":0,"84":0,"85":0,"86":0,"87":0,"88":0,"89":0,"90":0,"91":0,"92":0,"93":0,"94":0,"95":0,"96":0,"97":0,"98":0,"99":0,"100":0,"101":0,"102":0,"103":0,"104":0,"105":0,"106":0,"107":0,"108":0,"109":0,"110":0,"111":0,"112":0,"113":0,"114":0,"115":0,"116":0,"117":0,"118":0,"119":0,"120":0,"121":0,"122":0,"123":0,"124":0},"branchMap":{"0":{"type":"branch","line":1,"loc":{"start":{"line":1,"column":3973},"end":{"line":125,"column":1}},"locations":[{"start":{"line":1,"column":3973},"end":{"line":125,"column":1}}]}},"b":{"0":[0]},"fnMap":{"0":{"name":"(empty-report)","decl":{"start":{"line":1,"column":3973},"end":{"line":125,"column":1}},"loc":{"start":{"line":1,"column":3973},"end":{"line":125,"column":1}},"line":1}},"f":{"0":0}}
,"C:\\sustaina\\src\\router.js": {"path":"C:\\sustaina\\src\\router.js","all":false,"statementMap":{"0":{"start":{"line":1,"column":0},"end":{"line":1,"column":46}},"1":{"start":{"line":2,"column":0},"end":{"line":2,"column":35}},"2":{"start":{"line":3,"column":0},"end":{"line":3,"column":46}},"3":{"start":{"line":4,"column":0},"end":{"line":4,"column":0}},"4":{"start":{"line":5,"column":0},"end":{"line":5,"column":3}},"5":{"start":{"line":6,"column":0},"end":{"line":6,"column":56}},"6":{"start":{"line":7,"column":0},"end":{"line":7,"column":3}},"7":{"start":{"line":8,"column":0},"end":{"line":8,"column":0}},"8":{"start":{"line":9,"column":0},"end":{"line":9,"column":26}},"9":{"start":{"line":10,"column":0},"end":{"line":10,"column":26}},"10":{"start":{"line":11,"column":0},"end":{"line":11,"column":0}},"11":{"start":{"line":12,"column":0},"end":{"line":12,"column":16}},"12":{"start":{"line":13,"column":0},"end":{"line":13,"column":57}},"13":{"start":{"line":14,"column":0},"end":{"line":14,"column":57}},"14":{"start":{"line":15,"column":0},"end":{"line":15,"column":77}},"15":{"start":{"line":16,"column":0},"end":{"line":16,"column":30}},"16":{"start":{"line":17,"column":0},"end":{"line":17,"column":2}},"17":{"start":{"line":18,"column":0},"end":{"line":18,"column":0}},"18":{"start":{"line":19,"column":0},"end":{"line":19,"column":3}},"19":{"start":{"line":20,"column":0},"end":{"line":20,"column":36}},"20":{"start":{"line":21,"column":0},"end":{"line":21,"column":20}},"21":{"start":{"line":22,"column":0},"end":{"line":22,"column":3}},"22":{"start":{"line":23,"column":0},"end":{"line":23,"column":35}},"23":{"start":{"line":24,"column":0},"end":{"line":24,"column":22}},"24":{"start":{"line":25,"column":0},"end":{"line":25,"column":1}},"25":{"start":{"line":26,"column":0},"end":{"line":26,"column":0}},"26":{"start":{"line":27,"column":0},"end":{"line":27,"column":3}},"27":{"start":{"line":28,"column":0},"end":{"line":28,"column":58}},"28":{"start":{"line":29,"column":0},"end":{"line":29,"column":25}},"29":{"start":{"line":30,"column":0},"end":{"line":30,"column":3}},"30":{"start":{"line":31,"column":0},"end":{"line":31,"column":33}},"31":{"start":{"line":32,"column":0},"end":{"line":32,"column":31}},"32":{"start":{"line":33,"column":0},"end":{"line":33,"column":25}},"33":{"start":{"line":34,"column":0},"end":{"line":34,"column":33}},"34":{"start":{"line":35,"column":0},"end":{"line":35,"column":46}},"35":{"start":{"line":36,"column":0},"end":{"line":36,"column":3}},"36":{"start":{"line":37,"column":0},"end":{"line":37,"column":1}},"37":{"start":{"line":38,"column":0},"end":{"line":38,"column":0}},"38":{"start":{"line":39,"column":0},"end":{"line":39,"column":3}},"39":{"start":{"line":40,"column":0},"end":{"line":40,"column":49}},"40":{"start":{"line":41,"column":0},"end":{"line":41,"column":30}},"41":{"start":{"line":42,"column":0},"end":{"line":42,"column":34}},"42":{"start":{"line":43,"column":0},"end":{"line":43,"column":3}},"43":{"start":{"line":44,"column":0},"end":{"line":44,"column":38}},"44":{"start":{"line":45,"column":0},"end":{"line":45,"column":28}},"45":{"start":{"line":46,"column":0},"end":{"line":46,"column":0}},"46":{"start":{"line":47,"column":0},"end":{"line":47,"column":23}},"47":{"start":{"line":48,"column":0},"end":{"line":48,"column":55}},"48":{"start":{"line":49,"column":0},"end":{"line":49,"column":30}},"49":{"start":{"line":50,"column":0},"end":{"line":50,"column":24}},"50":{"start":{"line":51,"column":0},"end":{"line":51,"column":10}},"51":{"start":{"line":52,"column":0},"end":{"line":52,"column":26}},"52":{"start":{"line":53,"column":0},"end":{"line":53,"column":3}},"53":{"start":{"line":54,"column":0},"end":{"line":54,"column":0}},"54":{"start":{"line":55,"column":0},"end":{"line":55,"column":28}},"55":{"start":{"line":56,"column":0},"end":{"line":56,"column":47}},"56":{"start":{"line":57,"column":0},"end":{"line":57,"column":47}},"57":{"start":{"line":58,"column":0},"end":{"line":58,"column":57}},"58":{"start":{"line":59,"column":0},"end":{"line":59,"column":26}},"59":{"start":{"line":60,"column":0},"end":{"line":60,"column":47}},"60":{"start":{"line":61,"column":0},"end":{"line":61,"column":5}},"61":{"start":{"line":62,"column":0},"end":{"line":62,"column":5}},"62":{"start":{"line":63,"column":0},"end":{"line":63,"column":0}},"63":{"start":{"line":64,"column":0},"end":{"line":64,"column":22}},"64":{"start":{"line":65,"column":0},"end":{"line":65,"column":1}}},"s":{"0":1,"1":1,"2":1,"3":1,"4":1,"5":1,"6":1,"7":1,"8":1,"9":1,"10":1,"11":1,"12":1,"13":1,"14":1,"15":1,"16":1,"17":1,"18":1,"19":1,"20":1,"21":1,"22":1,"23":6,"24":6,"25":1,"26":1,"27":1,"28":1,"29":1,"30":1,"31":2,"32":1,"33":1,"34":1,"35":1,"36":2,"37":1,"38":1,"39":1,"40":1,"41":1,"42":1,"43":1,"44":6,"45":6,"46":6,"47":6,"48":6,"49":5,"50":6,"51":1,"52":1,"53":6,"54":6,"55":6,"56":28,"57":28,"58":2,"59":2,"60":2,"61":6,"62":6,"63":6,"64":6},"branchMap":{"0":{"type":"branch","line":23,"loc":{"start":{"line":23,"column":7},"end":{"line":25,"column":1}},"locations":[{"start":{"line":23,"column":7},"end":{"line":25,"column":1}}]},"1":{"type":"branch","line":31,"loc":{"start":{"line":31,"column":7},"end":{"line":37,"column":1}},"locations":[{"start":{"line":31,"column":7},"end":{"line":37,"column":1}}]},"2":{"type":"branch","line":32,"loc":{"start":{"line":32,"column":30},"end":{"line":36,"column":3}},"locations":[{"start":{"line":32,"column":30},"end":{"line":36,"column":3}}]},"3":{"type":"branch","line":44,"loc":{"start":{"line":44,"column":7},"end":{"line":65,"column":1}},"locations":[{"start":{"line":44,"column":7},"end":{"line":65,"column":1}}]},"4":{"type":"branch","line":48,"loc":{"start":{"line":48,"column":45},"end":{"line":48,"column":54}},"locations":[{"start":{"line":48,"column":45},"end":{"line":48,"column":54}}]},"5":{"type":"branch","line":49,"loc":{"start":{"line":49,"column":29},"end":{"line":51,"column":3}},"locations":[{"start":{"line":49,"column":29},"end":{"line":51,"column":3}}]},"6":{"type":"branch","line":51,"loc":{"start":{"line":51,"column":3},"end":{"line":53,"column":3}},"locations":[{"start":{"line":51,"column":3},"end":{"line":53,"column":3}}]},"7":{"type":"branch","line":56,"loc":{"start":{"line":56,"column":40},"end":{"line":62,"column":3}},"locations":[{"start":{"line":56,"column":40},"end":{"line":62,"column":3}}]},"8":{"type":"branch","line":58,"loc":{"start":{"line":58,"column":30},"end":{"line":58,"column":54}},"locations":[{"start":{"line":58,"column":30},"end":{"line":58,"column":54}}]},"9":{"type":"branch","line":58,"loc":{"start":{"line":58,"column":56},"end":{"line":61,"column":5}},"locations":[{"start":{"line":58,"column":56},"end":{"line":61,"column":5}}]}},"b":{"0":[6],"1":[2],"2":[1],"3":[6],"4":[4],"5":[5],"6":[1],"7":[28],"8":[17],"9":[2]},"fnMap":{"0":{"name":"getCurrentRoute","decl":{"start":{"line":23,"column":7},"end":{"line":25,"column":1}},"loc":{"start":{"line":23,"column":7},"end":{"line":25,"column":1}},"line":23},"1":{"name":"navigate","decl":{"start":{"line":31,"column":7},"end":{"line":37,"column":1}},"loc":{"start":{"line":31,"column":7},"end":{"line":37,"column":1}},"line":31},"2":{"name":"initRouter","decl":{"start":{"line":44,"column":7},"end":{"line":65,"column":1}},"loc":{"start":{"line":44,"column":7},"end":{"line":65,"column":1}},"line":44}},"f":{"0":6,"1":2,"2":6}}
,"C:\\sustaina\\src\\components\\charts.js": {"path":"C:\\sustaina\\src\\components\\charts.js","all":true,"statementMap":{"0":{"start":{"line":1,"column":0},"end":{"line":1,"column":46}},"1":{"start":{"line":2,"column":0},"end":{"line":2,"column":50}},"2":{"start":{"line":3,"column":0},"end":{"line":3,"column":46}},"3":{"start":{"line":4,"column":0},"end":{"line":4,"column":0}},"4":{"start":{"line":5,"column":0},"end":{"line":5,"column":34}},"5":{"start":{"line":6,"column":0},"end":{"line":6,"column":0}},"6":{"start":{"line":7,"column":0},"end":{"line":7,"column":26}},"7":{"start":{"line":8,"column":0},"end":{"line":8,"column":0}},"8":{"start":{"line":9,"column":0},"end":{"line":9,"column":27}},"9":{"start":{"line":10,"column":0},"end":{"line":10,"column":27}},"10":{"start":{"line":11,"column":0},"end":{"line":11,"column":33}},"11":{"start":{"line":12,"column":0},"end":{"line":12,"column":30}},"12":{"start":{"line":13,"column":0},"end":{"line":13,"column":3}},"13":{"start":{"line":14,"column":0},"end":{"line":14,"column":1}},"14":{"start":{"line":15,"column":0},"end":{"line":15,"column":0}},"15":{"start":{"line":16,"column":0},"end":{"line":16,"column":32}},"16":{"start":{"line":17,"column":0},"end":{"line":17,"column":16}},"17":{"start":{"line":18,"column":0},"end":{"line":18,"column":22}},"18":{"start":{"line":19,"column":0},"end":{"line":19,"column":22}},"19":{"start":{"line":20,"column":0},"end":{"line":20,"column":22}},"20":{"start":{"line":21,"column":0},"end":{"line":21,"column":22}},"21":{"start":{"line":22,"column":0},"end":{"line":22,"column":22}},"22":{"start":{"line":23,"column":0},"end":{"line":23,"column":22}},"23":{"start":{"line":24,"column":0},"end":{"line":24,"column":22}},"24":{"start":{"line":25,"column":0},"end":{"line":25,"column":22}},"25":{"start":{"line":26,"column":0},"end":{"line":26,"column":22}},"26":{"start":{"line":27,"column":0},"end":{"line":27,"column":18}},"27":{"start":{"line":28,"column":0},"end":{"line":28,"column":21}},"28":{"start":{"line":29,"column":0},"end":{"line":29,"column":22}},"29":{"start":{"line":30,"column":0},"end":{"line":30,"column":18}},"30":{"start":{"line":31,"column":0},"end":{"line":31,"column":2}},"31":{"start":{"line":32,"column":0},"end":{"line":32,"column":0}},"32":{"start":{"line":33,"column":0},"end":{"line":33,"column":25}},"33":{"start":{"line":34,"column":0},"end":{"line":34,"column":50}},"34":{"start":{"line":35,"column":0},"end":{"line":35,"column":25}},"35":{"start":{"line":36,"column":0},"end":{"line":36,"column":51}},"36":{"start":{"line":37,"column":0},"end":{"line":37,"column":22}},"37":{"start":{"line":38,"column":0},"end":{"line":38,"column":0}},"38":{"start":{"line":39,"column":0},"end":{"line":39,"column":18}},"39":{"start":{"line":40,"column":0},"end":{"line":40,"column":37}},"40":{"start":{"line":41,"column":0},"end":{"line":41,"column":114}},"41":{"start":{"line":42,"column":0},"end":{"line":42,"column":0}},"42":{"start":{"line":43,"column":0},"end":{"line":43,"column":48}},"43":{"start":{"line":44,"column":0},"end":{"line":44,"column":21}},"44":{"start":{"line":45,"column":0},"end":{"line":45,"column":11}},"45":{"start":{"line":46,"column":0},"end":{"line":46,"column":37}},"46":{"start":{"line":47,"column":0},"end":{"line":47,"column":18}},"47":{"start":{"line":48,"column":0},"end":{"line":48,"column":37}},"48":{"start":{"line":49,"column":0},"end":{"line":49,"column":48}},"49":{"start":{"line":50,"column":0},"end":{"line":50,"column":23}},"50":{"start":{"line":51,"column":0},"end":{"line":51,"column":24}},"51":{"start":{"line":52,"column":0},"end":{"line":52,"column":19}},"52":{"start":{"line":53,"column":0},"end":{"line":53,"column":8}},"53":{"start":{"line":54,"column":0},"end":{"line":54,"column":6}},"54":{"start":{"line":55,"column":0},"end":{"line":55,"column":14}},"55":{"start":{"line":56,"column":0},"end":{"line":56,"column":20}},"56":{"start":{"line":57,"column":0},"end":{"line":57,"column":23}},"57":{"start":{"line":58,"column":0},"end":{"line":58,"column":32}},"58":{"start":{"line":59,"column":0},"end":{"line":59,"column":16}},"59":{"start":{"line":60,"column":0},"end":{"line":60,"column":35}},"60":{"start":{"line":61,"column":0},"end":{"line":61,"column":18}},"61":{"start":{"line":62,"column":0},"end":{"line":62,"column":37}},"62":{"start":{"line":63,"column":0},"end":{"line":63,"column":51}},"63":{"start":{"line":64,"column":0},"end":{"line":64,"column":50}},"64":{"start":{"line":65,"column":0},"end":{"line":65,"column":22}},"65":{"start":{"line":66,"column":0},"end":{"line":66,"column":27}},"66":{"start":{"line":67,"column":0},"end":{"line":67,"column":22}},"67":{"start":{"line":68,"column":0},"end":{"line":68,"column":59}},"68":{"start":{"line":69,"column":0},"end":{"line":69,"column":11}},"69":{"start":{"line":70,"column":0},"end":{"line":70,"column":9}},"70":{"start":{"line":71,"column":0},"end":{"line":71,"column":8}},"71":{"start":{"line":72,"column":0},"end":{"line":72,"column":18}},"72":{"start":{"line":73,"column":0},"end":{"line":73,"column":28}},"73":{"start":{"line":74,"column":0},"end":{"line":74,"column":23}},"74":{"start":{"line":75,"column":0},"end":{"line":75,"column":30}},"75":{"start":{"line":76,"column":0},"end":{"line":76,"column":7}},"76":{"start":{"line":77,"column":0},"end":{"line":77,"column":5}},"77":{"start":{"line":78,"column":0},"end":{"line":78,"column":5}},"78":{"start":{"line":79,"column":0},"end":{"line":79,"column":1}},"79":{"start":{"line":80,"column":0},"end":{"line":80,"column":0}},"80":{"start":{"line":81,"column":0},"end":{"line":81,"column":24}},"81":{"start":{"line":82,"column":0},"end":{"line":82,"column":80}},"82":{"start":{"line":83,"column":0},"end":{"line":83,"column":25}},"83":{"start":{"line":84,"column":0},"end":{"line":84,"column":51}},"84":{"start":{"line":85,"column":0},"end":{"line":85,"column":22}},"85":{"start":{"line":86,"column":0},"end":{"line":86,"column":0}},"86":{"start":{"line":87,"column":0},"end":{"line":87,"column":18}},"87":{"start":{"line":88,"column":0},"end":{"line":88,"column":37}},"88":{"start":{"line":89,"column":0},"end":{"line":89,"column":123}},"89":{"start":{"line":90,"column":0},"end":{"line":90,"column":0}},"90":{"start":{"line":91,"column":0},"end":{"line":91,"column":78}},"91":{"start":{"line":92,"column":0},"end":{"line":92,"column":53}},"92":{"start":{"line":93,"column":0},"end":{"line":93,"column":50}},"93":{"start":{"line":94,"column":0},"end":{"line":94,"column":0}},"94":{"start":{"line":95,"column":0},"end":{"line":95,"column":48}},"95":{"start":{"line":96,"column":0},"end":{"line":96,"column":17}},"96":{"start":{"line":97,"column":0},"end":{"line":97,"column":11}},"97":{"start":{"line":98,"column":0},"end":{"line":98,"column":13}},"98":{"start":{"line":99,"column":0},"end":{"line":99,"column":18}},"99":{"start":{"line":100,"column":0},"end":{"line":100,"column":14}},"100":{"start":{"line":101,"column":0},"end":{"line":101,"column":21}},"101":{"start":{"line":102,"column":0},"end":{"line":102,"column":37}},"102":{"start":{"line":103,"column":0},"end":{"line":103,"column":34}},"103":{"start":{"line":104,"column":0},"end":{"line":104,"column":25}},"104":{"start":{"line":105,"column":0},"end":{"line":105,"column":19}},"105":{"start":{"line":106,"column":0},"end":{"line":106,"column":21}},"106":{"start":{"line":107,"column":0},"end":{"line":107,"column":23}},"107":{"start":{"line":108,"column":0},"end":{"line":108,"column":37}},"108":{"start":{"line":109,"column":0},"end":{"line":109,"column":42}},"109":{"start":{"line":110,"column":0},"end":{"line":110,"column":28}},"110":{"start":{"line":111,"column":0},"end":{"line":111,"column":28}},"111":{"start":{"line":112,"column":0},"end":{"line":112,"column":8}},"112":{"start":{"line":113,"column":0},"end":{"line":113,"column":6}},"113":{"start":{"line":114,"column":0},"end":{"line":114,"column":14}},"114":{"start":{"line":115,"column":0},"end":{"line":115,"column":23}},"115":{"start":{"line":116,"column":0},"end":{"line":116,"column":33}},"116":{"start":{"line":117,"column":0},"end":{"line":117,"column":15}},"117":{"start":{"line":118,"column":0},"end":{"line":118,"column":12}},"118":{"start":{"line":119,"column":0},"end":{"line":119,"column":35}},"119":{"start":{"line":120,"column":0},"end":{"line":120,"column":77}},"120":{"start":{"line":121,"column":0},"end":{"line":121,"column":36}},"121":{"start":{"line":122,"column":0},"end":{"line":122,"column":10}},"122":{"start":{"line":123,"column":0},"end":{"line":123,"column":12}},"123":{"start":{"line":124,"column":0},"end":{"line":124,"column":62}},"124":{"start":{"line":125,"column":0},"end":{"line":125,"column":77}},"125":{"start":{"line":126,"column":0},"end":{"line":126,"column":37}},"126":{"start":{"line":127,"column":0},"end":{"line":127,"column":27}},"127":{"start":{"line":128,"column":0},"end":{"line":128,"column":9}},"128":{"start":{"line":129,"column":0},"end":{"line":129,"column":8}},"129":{"start":{"line":130,"column":0},"end":{"line":130,"column":16}},"130":{"start":{"line":131,"column":0},"end":{"line":131,"column":35}},"131":{"start":{"line":132,"column":0},"end":{"line":132,"column":18}},"132":{"start":{"line":133,"column":0},"end":{"line":133,"column":37}},"133":{"start":{"line":134,"column":0},"end":{"line":134,"column":51}},"134":{"start":{"line":135,"column":0},"end":{"line":135,"column":50}},"135":{"start":{"line":136,"column":0},"end":{"line":136,"column":22}},"136":{"start":{"line":137,"column":0},"end":{"line":137,"column":27}},"137":{"start":{"line":138,"column":0},"end":{"line":138,"column":31}},"138":{"start":{"line":139,"column":0},"end":{"line":139,"column":22}},"139":{"start":{"line":140,"column":0},"end":{"line":140,"column":52}},"140":{"start":{"line":141,"column":0},"end":{"line":141,"column":11}},"141":{"start":{"line":142,"column":0},"end":{"line":142,"column":9}},"142":{"start":{"line":143,"column":0},"end":{"line":143,"column":8}},"143":{"start":{"line":144,"column":0},"end":{"line":144,"column":18}},"144":{"start":{"line":145,"column":0},"end":{"line":145,"column":23}},"145":{"start":{"line":146,"column":0},"end":{"line":146,"column":30}},"146":{"start":{"line":147,"column":0},"end":{"line":147,"column":7}},"147":{"start":{"line":148,"column":0},"end":{"line":148,"column":5}},"148":{"start":{"line":149,"column":0},"end":{"line":149,"column":5}},"149":{"start":{"line":150,"column":0},"end":{"line":150,"column":1}},"150":{"start":{"line":151,"column":0},"end":{"line":151,"column":0}},"151":{"start":{"line":152,"column":0},"end":{"line":152,"column":23}},"152":{"start":{"line":153,"column":0},"end":{"line":153,"column":79}},"153":{"start":{"line":154,"column":0},"end":{"line":154,"column":25}},"154":{"start":{"line":155,"column":0},"end":{"line":155,"column":51}},"155":{"start":{"line":156,"column":0},"end":{"line":156,"column":22}},"156":{"start":{"line":157,"column":0},"end":{"line":157,"column":0}},"157":{"start":{"line":158,"column":0},"end":{"line":158,"column":48}},"158":{"start":{"line":159,"column":0},"end":{"line":159,"column":16}},"159":{"start":{"line":160,"column":0},"end":{"line":160,"column":11}},"160":{"start":{"line":161,"column":0},"end":{"line":161,"column":13}},"161":{"start":{"line":162,"column":0},"end":{"line":162,"column":18}},"162":{"start":{"line":163,"column":0},"end":{"line":163,"column":14}},"163":{"start":{"line":164,"column":0},"end":{"line":164,"column":21}},"164":{"start":{"line":165,"column":0},"end":{"line":165,"column":47}},"165":{"start":{"line":166,"column":0},"end":{"line":166,"column":58}},"166":{"start":{"line":167,"column":0},"end":{"line":167,"column":48}},"167":{"start":{"line":168,"column":0},"end":{"line":168,"column":11}},"168":{"start":{"line":169,"column":0},"end":{"line":169,"column":24}},"169":{"start":{"line":170,"column":0},"end":{"line":170,"column":29}},"170":{"start":{"line":171,"column":0},"end":{"line":171,"column":28}},"171":{"start":{"line":172,"column":0},"end":{"line":172,"column":8}},"172":{"start":{"line":173,"column":0},"end":{"line":173,"column":6}},"173":{"start":{"line":174,"column":0},"end":{"line":174,"column":14}},"174":{"start":{"line":175,"column":0},"end":{"line":175,"column":23}},"175":{"start":{"line":176,"column":0},"end":{"line":176,"column":33}},"176":{"start":{"line":177,"column":0},"end":{"line":177,"column":15}},"177":{"start":{"line":178,"column":0},"end":{"line":178,"column":12}},"178":{"start":{"line":179,"column":0},"end":{"line":179,"column":35}},"179":{"start":{"line":180,"column":0},"end":{"line":180,"column":77}},"180":{"start":{"line":181,"column":0},"end":{"line":181,"column":36}},"181":{"start":{"line":182,"column":0},"end":{"line":182,"column":10}},"182":{"start":{"line":183,"column":0},"end":{"line":183,"column":12}},"183":{"start":{"line":184,"column":0},"end":{"line":184,"column":62}},"184":{"start":{"line":185,"column":0},"end":{"line":185,"column":77}},"185":{"start":{"line":186,"column":0},"end":{"line":186,"column":37}},"186":{"start":{"line":187,"column":0},"end":{"line":187,"column":27}},"187":{"start":{"line":188,"column":0},"end":{"line":188,"column":9}},"188":{"start":{"line":189,"column":0},"end":{"line":189,"column":8}},"189":{"start":{"line":190,"column":0},"end":{"line":190,"column":16}},"190":{"start":{"line":191,"column":0},"end":{"line":191,"column":35}},"191":{"start":{"line":192,"column":0},"end":{"line":192,"column":18}},"192":{"start":{"line":193,"column":0},"end":{"line":193,"column":37}},"193":{"start":{"line":194,"column":0},"end":{"line":194,"column":51}},"194":{"start":{"line":195,"column":0},"end":{"line":195,"column":50}},"195":{"start":{"line":196,"column":0},"end":{"line":196,"column":22}},"196":{"start":{"line":197,"column":0},"end":{"line":197,"column":27}},"197":{"start":{"line":198,"column":0},"end":{"line":198,"column":31}},"198":{"start":{"line":199,"column":0},"end":{"line":199,"column":9}},"199":{"start":{"line":200,"column":0},"end":{"line":200,"column":8}},"200":{"start":{"line":201,"column":0},"end":{"line":201,"column":18}},"201":{"start":{"line":202,"column":0},"end":{"line":202,"column":22}},"202":{"start":{"line":203,"column":0},"end":{"line":203,"column":30}},"203":{"start":{"line":204,"column":0},"end":{"line":204,"column":7}},"204":{"start":{"line":205,"column":0},"end":{"line":205,"column":5}},"205":{"start":{"line":206,"column":0},"end":{"line":206,"column":5}},"206":{"start":{"line":207,"column":0},"end":{"line":207,"column":1}},"207":{"start":{"line":208,"column":0},"end":{"line":208,"column":0}},"208":{"start":{"line":209,"column":0},"end":{"line":209,"column":21}},"209":{"start":{"line":210,"column":0},"end":{"line":210,"column":36}},"210":{"start":{"line":211,"column":0},"end":{"line":211,"column":52}},"211":{"start":{"line":212,"column":0},"end":{"line":212,"column":1}}},"s":{"0":0,"1":0,"2":0,"3":0,"4":0,"5":0,"6":0,"7":0,"8":0,"9":0,"10":0,"11":0,"12":0,"13":0,"14":0,"15":0,"16":0,"17":0,"18":0,"19":0,"20":0,"21":0,"22":0,"23":0,"24":0,"25":0,"26":0,"27":0,"28":0,"29":0,"30":0,"31":0,"32":0,"33":0,"34":0,"35":0,"36":0,"37":0,"38":0,"39":0,"40":0,"41":0,"42":0,"43":0,"44":0,"45":0,"46":0,"47":0,"48":0,"49":0,"50":0,"51":0,"52":0,"53":0,"54":0,"55":0,"56":0,"57":0,"58":0,"59":0,"60":0,"61":0,"62":0,"63":0,"64":0,"65":0,"66":0,"67":0,"68":0,"69":0,"70":0,"71":0,"72":0,"73":0,"74":0,"75":0,"76":0,"77":0,"78":0,"79":0,"80":0,"81":0,"82":0,"83":0,"84":0,"85":0,"86":0,"87":0,"88":0,"89":0,"90":0,"91":0,"92":0,"93":0,"94":0,"95":0,"96":0,"97":0,"98":0,"99":0,"100":0,"101":0,"102":0,"103":0,"104":0,"105":0,"106":0,"107":0,"108":0,"109":0,"110":0,"111":0,"112":0,"113":0,"114":0,"115":0,"116":0,"117":0,"118":0,"119":0,"120":0,"121":0,"122":0,"123":0,"124":0,"125":0,"126":0,"127":0,"128":0,"129":0,"130":0,"131":0,"132":0,"133":0,"134":0,"135":0,"136":0,"137":0,"138":0,"139":0,"140":0,"141":0,"142":0,"143":0,"144":0,"145":0,"146":0,"147":0,"148":0,"149":0,"150":0,"151":0,"152":0,"153":0,"154":0,"155":0,"156":0,"157":0,"158":0,"159":0,"160":0,"161":0,"162":0,"163":0,"164":0,"165":0,"166":0,"167":0,"168":0,"169":0,"170":0,"171":0,"172":0,"173":0,"174":0,"175":0,"176":0,"177":0,"178":0,"179":0,"180":0,"181":0,"182":0,"183":0,"184":0,"185":0,"186":0,"187":0,"188":0,"189":0,"190":0,"191":0,"192":0,"193":0,"194":0,"195":0,"196":0,"197":0,"198":0,"199":0,"200":0,"201":0,"202":0,"203":0,"204":0,"205":0,"206":0,"207":0,"208":0,"209":0,"210":0,"211":0},"branchMap":{"0":{"type":"branch","line":1,"loc":{"start":{"line":1,"column":5850},"end":{"line":212,"column":1}},"locations":[{"start":{"line":1,"column":5850},"end":{"line":212,"column":1}}]}},"b":{"0":[0]},"fnMap":{"0":{"name":"(empty-report)","decl":{"start":{"line":1,"column":5850},"end":{"line":212,"column":1}},"loc":{"start":{"line":1,"column":5850},"end":{"line":212,"column":1}},"line":1}},"f":{"0":0}}
,"C:\\sustaina\\src\\components\\icons.js": {"path":"C:\\sustaina\\src\\components\\icons.js","all":true,"statementMap":{"0":{"start":{"line":1,"column":0},"end":{"line":1,"column":46}},"1":{"start":{"line":2,"column":0},"end":{"line":2,"column":48}},"2":{"start":{"line":3,"column":0},"end":{"line":3,"column":46}},"3":{"start":{"line":4,"column":0},"end":{"line":4,"column":0}},"4":{"start":{"line":5,"column":0},"end":{"line":5,"column":22}},"5":{"start":{"line":6,"column":0},"end":{"line":6,"column":373}},"6":{"start":{"line":7,"column":0},"end":{"line":7,"column":2}},"7":{"start":{"line":8,"column":0},"end":{"line":8,"column":363}},"8":{"start":{"line":9,"column":0},"end":{"line":9,"column":2}},"9":{"start":{"line":10,"column":0},"end":{"line":10,"column":347}},"10":{"start":{"line":11,"column":0},"end":{"line":11,"column":2}},"11":{"start":{"line":12,"column":0},"end":{"line":12,"column":267}},"12":{"start":{"line":13,"column":0},"end":{"line":13,"column":2}},"13":{"start":{"line":14,"column":0},"end":{"line":14,"column":316}},"14":{"start":{"line":15,"column":0},"end":{"line":15,"column":2}},"15":{"start":{"line":16,"column":0},"end":{"line":16,"column":348}},"16":{"start":{"line":17,"column":0},"end":{"line":17,"column":2}},"17":{"start":{"line":18,"column":0},"end":{"line":18,"column":293}},"18":{"start":{"line":19,"column":0},"end":{"line":19,"column":2}},"19":{"start":{"line":20,"column":0},"end":{"line":20,"column":360}},"20":{"start":{"line":21,"column":0},"end":{"line":21,"column":2}},"21":{"start":{"line":22,"column":0},"end":{"line":22,"column":264}},"22":{"start":{"line":23,"column":0},"end":{"line":23,"column":2}},"23":{"start":{"line":24,"column":0},"end":{"line":24,"column":810}},"24":{"start":{"line":25,"column":0},"end":{"line":25,"column":2}},"25":{"start":{"line":26,"column":0},"end":{"line":26,"column":300}},"26":{"start":{"line":27,"column":0},"end":{"line":27,"column":2}},"27":{"start":{"line":28,"column":0},"end":{"line":28,"column":293}},"28":{"start":{"line":29,"column":0},"end":{"line":29,"column":2}},"29":{"start":{"line":30,"column":0},"end":{"line":30,"column":257}},"30":{"start":{"line":31,"column":0},"end":{"line":31,"column":2}},"31":{"start":{"line":32,"column":0},"end":{"line":32,"column":244}},"32":{"start":{"line":33,"column":0},"end":{"line":33,"column":2}},"33":{"start":{"line":34,"column":0},"end":{"line":34,"column":338}},"34":{"start":{"line":35,"column":0},"end":{"line":35,"column":2}},"35":{"start":{"line":36,"column":0},"end":{"line":36,"column":226}},"36":{"start":{"line":37,"column":0},"end":{"line":37,"column":2}},"37":{"start":{"line":38,"column":0},"end":{"line":38,"column":338}},"38":{"start":{"line":39,"column":0},"end":{"line":39,"column":2}},"39":{"start":{"line":40,"column":0},"end":{"line":40,"column":238}},"40":{"start":{"line":41,"column":0},"end":{"line":41,"column":0}},"41":{"start":{"line":42,"column":0},"end":{"line":42,"column":330}},"42":{"start":{"line":43,"column":0},"end":{"line":43,"column":2}},"43":{"start":{"line":44,"column":0},"end":{"line":44,"column":348}},"44":{"start":{"line":45,"column":0},"end":{"line":45,"column":0}},"45":{"start":{"line":46,"column":0},"end":{"line":46,"column":243}},"46":{"start":{"line":47,"column":0},"end":{"line":47,"column":0}},"47":{"start":{"line":48,"column":0},"end":{"line":48,"column":250}},"48":{"start":{"line":49,"column":0},"end":{"line":49,"column":0}},"49":{"start":{"line":50,"column":0},"end":{"line":50,"column":230}},"50":{"start":{"line":51,"column":0},"end":{"line":51,"column":0}},"51":{"start":{"line":52,"column":0},"end":{"line":52,"column":332}},"52":{"start":{"line":53,"column":0},"end":{"line":53,"column":2}},"53":{"start":{"line":54,"column":0},"end":{"line":54,"column":320}},"54":{"start":{"line":55,"column":0},"end":{"line":55,"column":2}},"55":{"start":{"line":56,"column":0},"end":{"line":56,"column":305}},"56":{"start":{"line":57,"column":0},"end":{"line":57,"column":2}},"57":{"start":{"line":58,"column":0},"end":{"line":58,"column":317}},"58":{"start":{"line":59,"column":0},"end":{"line":59,"column":0}},"59":{"start":{"line":60,"column":0},"end":{"line":60,"column":485}},"60":{"start":{"line":61,"column":0},"end":{"line":61,"column":0}},"61":{"start":{"line":62,"column":0},"end":{"line":62,"column":328}},"62":{"start":{"line":63,"column":0},"end":{"line":63,"column":0}},"63":{"start":{"line":64,"column":0},"end":{"line":64,"column":258}},"64":{"start":{"line":65,"column":0},"end":{"line":65,"column":0}},"65":{"start":{"line":66,"column":0},"end":{"line":66,"column":391}},"66":{"start":{"line":67,"column":0},"end":{"line":67,"column":0}},"67":{"start":{"line":68,"column":0},"end":{"line":68,"column":298}},"68":{"start":{"line":69,"column":0},"end":{"line":69,"column":0}},"69":{"start":{"line":70,"column":0},"end":{"line":70,"column":293}},"70":{"start":{"line":71,"column":0},"end":{"line":71,"column":0}},"71":{"start":{"line":72,"column":0},"end":{"line":72,"column":312}},"72":{"start":{"line":73,"column":0},"end":{"line":73,"column":0}},"73":{"start":{"line":74,"column":0},"end":{"line":74,"column":310}},"74":{"start":{"line":75,"column":0},"end":{"line":75,"column":0}},"75":{"start":{"line":76,"column":0},"end":{"line":76,"column":438}},"76":{"start":{"line":77,"column":0},"end":{"line":77,"column":0}},"77":{"start":{"line":78,"column":0},"end":{"line":78,"column":379}},"78":{"start":{"line":79,"column":0},"end":{"line":79,"column":2}}},"s":{"0":0,"1":0,"2":0,"3":0,"4":0,"5":0,"6":0,"7":0,"8":0,"9":0,"10":0,"11":0,"12":0,"13":0,"14":0,"15":0,"16":0,"17":0,"18":0,"19":0,"20":0,"21":0,"22":0,"23":0,"24":0,"25":0,"26":0,"27":0,"28":0,"29":0,"30":0,"31":0,"32":0,"33":0,"34":0,"35":0,"36":0,"37":0,"38":0,"39":0,"40":0,"41":0,"42":0,"43":0,"44":0,"45":0,"46":0,"47":0,"48":0,"49":0,"50":0,"51":0,"52":0,"53":0,"54":0,"55":0,"56":0,"57":0,"58":0,"59":0,"60":0,"61":0,"62":0,"63":0,"64":0,"65":0,"66":0,"67":0,"68":0,"69":0,"70":0,"71":0,"72":0,"73":0,"74":0,"75":0,"76":0,"77":0,"78":0},"branchMap":{"0":{"type":"branch","line":1,"loc":{"start":{"line":1,"column":12504},"end":{"line":79,"column":2}},"locations":[{"start":{"line":1,"column":12504},"end":{"line":79,"column":2}}]}},"b":{"0":[0]},"fnMap":{"0":{"name":"(empty-report)","decl":{"start":{"line":1,"column":12504},"end":{"line":79,"column":2}},"loc":{"start":{"line":1,"column":12504},"end":{"line":79,"column":2}},"line":1}},"f":{"0":0}}
,"C:\\sustaina\\src\\components\\sidebar.js": {"path":"C:\\sustaina\\src\\components\\sidebar.js","all":true,"statementMap":{"0":{"start":{"line":1,"column":0},"end":{"line":1,"column":46}},"1":{"start":{"line":2,"column":0},"end":{"line":2,"column":31}},"2":{"start":{"line":3,"column":0},"end":{"line":3,"column":46}},"3":{"start":{"line":4,"column":0},"end":{"line":4,"column":0}},"4":{"start":{"line":5,"column":0},"end":{"line":5,"column":35}},"5":{"start":{"line":6,"column":0},"end":{"line":6,"column":47}},"6":{"start":{"line":7,"column":0},"end":{"line":7,"column":57}},"7":{"start":{"line":8,"column":0},"end":{"line":8,"column":55}},"8":{"start":{"line":9,"column":0},"end":{"line":9,"column":0}},"9":{"start":{"line":10,"column":0},"end":{"line":10,"column":19}},"10":{"start":{"line":11,"column":0},"end":{"line":11,"column":61}},"11":{"start":{"line":12,"column":0},"end":{"line":12,"column":81}},"12":{"start":{"line":13,"column":0},"end":{"line":13,"column":77}},"13":{"start":{"line":14,"column":0},"end":{"line":14,"column":81}},"14":{"start":{"line":15,"column":0},"end":{"line":15,"column":70}},"15":{"start":{"line":16,"column":0},"end":{"line":16,"column":77}},"16":{"start":{"line":17,"column":0},"end":{"line":17,"column":89}},"17":{"start":{"line":18,"column":0},"end":{"line":18,"column":99}},"18":{"start":{"line":19,"column":0},"end":{"line":19,"column":101}},"19":{"start":{"line":20,"column":0},"end":{"line":20,"column":73}},"20":{"start":{"line":21,"column":0},"end":{"line":21,"column":65}},"21":{"start":{"line":22,"column":0},"end":{"line":22,"column":88}},"22":{"start":{"line":23,"column":0},"end":{"line":23,"column":81}},"23":{"start":{"line":24,"column":0},"end":{"line":24,"column":73}},"24":{"start":{"line":25,"column":0},"end":{"line":25,"column":77}},"25":{"start":{"line":26,"column":0},"end":{"line":26,"column":2}},"26":{"start":{"line":27,"column":0},"end":{"line":27,"column":0}},"27":{"start":{"line":28,"column":0},"end":{"line":28,"column":42}},"28":{"start":{"line":29,"column":0},"end":{"line":29,"column":31}},"29":{"start":{"line":30,"column":0},"end":{"line":30,"column":41}},"30":{"start":{"line":31,"column":0},"end":{"line":31,"column":90}},"31":{"start":{"line":32,"column":0},"end":{"line":32,"column":0}},"32":{"start":{"line":33,"column":0},"end":{"line":33,"column":25}},"33":{"start":{"line":34,"column":0},"end":{"line":34,"column":38}},"34":{"start":{"line":35,"column":0},"end":{"line":35,"column":127}},"35":{"start":{"line":36,"column":0},"end":{"line":36,"column":150}},"36":{"start":{"line":37,"column":0},"end":{"line":37,"column":12}},"37":{"start":{"line":38,"column":0},"end":{"line":38,"column":0}},"38":{"start":{"line":39,"column":0},"end":{"line":39,"column":32}},"39":{"start":{"line":40,"column":0},"end":{"line":40,"column":58}},"40":{"start":{"line":41,"column":0},"end":{"line":41,"column":39}},"41":{"start":{"line":42,"column":0},"end":{"line":42,"column":73}},"42":{"start":{"line":43,"column":0},"end":{"line":43,"column":70}},"43":{"start":{"line":44,"column":0},"end":{"line":44,"column":14}},"44":{"start":{"line":45,"column":0},"end":{"line":45,"column":12}},"45":{"start":{"line":46,"column":0},"end":{"line":46,"column":0}},"46":{"start":{"line":47,"column":0},"end":{"line":47,"column":31}},"47":{"start":{"line":48,"column":0},"end":{"line":48,"column":66}},"48":{"start":{"line":49,"column":0},"end":{"line":49,"column":35}},"49":{"start":{"line":50,"column":0},"end":{"line":50,"column":49}},"50":{"start":{"line":51,"column":0},"end":{"line":51,"column":94}},"51":{"start":{"line":52,"column":0},"end":{"line":52,"column":68}},"52":{"start":{"line":53,"column":0},"end":{"line":53,"column":48}},"53":{"start":{"line":54,"column":0},"end":{"line":54,"column":82}},"54":{"start":{"line":55,"column":0},"end":{"line":55,"column":92}},"55":{"start":{"line":56,"column":0},"end":{"line":56,"column":42}},"56":{"start":{"line":57,"column":0},"end":{"line":57,"column":23}},"57":{"start":{"line":58,"column":0},"end":{"line":58,"column":17}},"58":{"start":{"line":59,"column":0},"end":{"line":59,"column":22}},"59":{"start":{"line":60,"column":0},"end":{"line":60,"column":13}},"60":{"start":{"line":61,"column":0},"end":{"line":61,"column":12}},"61":{"start":{"line":62,"column":0},"end":{"line":62,"column":0}},"62":{"start":{"line":63,"column":0},"end":{"line":63,"column":34}},"63":{"start":{"line":64,"column":0},"end":{"line":64,"column":74}},"64":{"start":{"line":65,"column":0},"end":{"line":65,"column":80}},"65":{"start":{"line":66,"column":0},"end":{"line":66,"column":37}},"66":{"start":{"line":67,"column":0},"end":{"line":67,"column":17}},"67":{"start":{"line":68,"column":0},"end":{"line":68,"column":12}},"68":{"start":{"line":69,"column":0},"end":{"line":69,"column":10}},"69":{"start":{"line":70,"column":0},"end":{"line":70,"column":4}},"70":{"start":{"line":71,"column":0},"end":{"line":71,"column":0}},"71":{"start":{"line":72,"column":0},"end":{"line":72,"column":35}},"72":{"start":{"line":73,"column":0},"end":{"line":73,"column":67}},"73":{"start":{"line":74,"column":0},"end":{"line":74,"column":33}},"74":{"start":{"line":75,"column":0},"end":{"line":75,"column":39}},"75":{"start":{"line":76,"column":0},"end":{"line":76,"column":22}},"76":{"start":{"line":77,"column":0},"end":{"line":77,"column":6}},"77":{"start":{"line":78,"column":0},"end":{"line":78,"column":50}},"78":{"start":{"line":79,"column":0},"end":{"line":79,"column":45}},"79":{"start":{"line":80,"column":0},"end":{"line":80,"column":47}},"80":{"start":{"line":81,"column":0},"end":{"line":81,"column":27}},"81":{"start":{"line":82,"column":0},"end":{"line":82,"column":24}},"82":{"start":{"line":83,"column":0},"end":{"line":83,"column":7}},"83":{"start":{"line":84,"column":0},"end":{"line":84,"column":7}},"84":{"start":{"line":85,"column":0},"end":{"line":85,"column":5}},"85":{"start":{"line":86,"column":0},"end":{"line":86,"column":0}},"86":{"start":{"line":87,"column":0},"end":{"line":87,"column":31}},"87":{"start":{"line":88,"column":0},"end":{"line":88,"column":66}},"88":{"start":{"line":89,"column":0},"end":{"line":89,"column":44}},"89":{"start":{"line":90,"column":0},"end":{"line":90,"column":41}},"90":{"start":{"line":91,"column":0},"end":{"line":91,"column":5}},"91":{"start":{"line":92,"column":0},"end":{"line":92,"column":47}},"92":{"start":{"line":93,"column":0},"end":{"line":93,"column":45}},"93":{"start":{"line":94,"column":0},"end":{"line":94,"column":25}},"94":{"start":{"line":95,"column":0},"end":{"line":95,"column":43}},"95":{"start":{"line":96,"column":0},"end":{"line":96,"column":5}},"96":{"start":{"line":97,"column":0},"end":{"line":97,"column":5}},"97":{"start":{"line":98,"column":0},"end":{"line":98,"column":1}}},"s":{"0":0,"1":0,"2":0,"3":0,"4":0,"5":0,"6":0,"7":0,"8":0,"9":0,"10":0,"11":0,"12":0,"13":0,"14":0,"15":0,"16":0,"17":0,"18":0,"19":0,"20":0,"21":0,"22":0,"23":0,"24":0,"25":0,"26":0,"27":0,"28":0,"29":0,"30":0,"31":0,"32":0,"33":0,"34":0,"35":0,"36":0,"37":0,"38":0,"39":0,"40":0,"41":0,"42":0,"43":0,"44":0,"45":0,"46":0,"47":0,"48":0,"49":0,"50":0,"51":0,"52":0,"53":0,"54":0,"55":0,"56":0,"57":0,"58":0,"59":0,"60":0,"61":0,"62":0,"63":0,"64":0,"65":0,"66":0,"67":0,"68":0,"69":0,"70":0,"71":0,"72":0,"73":0,"74":0,"75":0,"76":0,"77":0,"78":0,"79":0,"80":0,"81":0,"82":0,"83":0,"84":0,"85":0,"86":0,"87":0,"88":0,"89":0,"90":0,"91":0,"92":0,"93":0,"94":0,"95":0,"96":0,"97":0},"branchMap":{"0":{"type":"branch","line":1,"loc":{"start":{"line":1,"column":4313},"end":{"line":98,"column":1}},"locations":[{"start":{"line":1,"column":4313},"end":{"line":98,"column":1}}]}},"b":{"0":[0]},"fnMap":{"0":{"name":"(empty-report)","decl":{"start":{"line":1,"column":4313},"end":{"line":98,"column":1}},"loc":{"start":{"line":1,"column":4313},"end":{"line":98,"column":1}},"line":1}},"f":{"0":0}}
,"C:\\sustaina\\src\\components\\topbar.js": {"path":"C:\\sustaina\\src\\components\\topbar.js","all":true,"statementMap":{"0":{"start":{"line":1,"column":0},"end":{"line":1,"column":46}},"1":{"start":{"line":2,"column":0},"end":{"line":2,"column":30}},"2":{"start":{"line":3,"column":0},"end":{"line":3,"column":77}},"3":{"start":{"line":4,"column":0},"end":{"line":4,"column":46}},"4":{"start":{"line":5,"column":0},"end":{"line":5,"column":0}},"5":{"start":{"line":6,"column":0},"end":{"line":6,"column":35}},"6":{"start":{"line":7,"column":0},"end":{"line":7,"column":67}},"7":{"start":{"line":8,"column":0},"end":{"line":8,"column":103}},"8":{"start":{"line":9,"column":0},"end":{"line":9,"column":54}},"9":{"start":{"line":10,"column":0},"end":{"line":10,"column":57}},"10":{"start":{"line":11,"column":0},"end":{"line":11,"column":40}},"11":{"start":{"line":12,"column":0},"end":{"line":12,"column":0}},"12":{"start":{"line":13,"column":0},"end":{"line":13,"column":41}},"13":{"start":{"line":14,"column":0},"end":{"line":14,"column":31}},"14":{"start":{"line":15,"column":0},"end":{"line":15,"column":27}},"15":{"start":{"line":16,"column":0},"end":{"line":16,"column":90}},"16":{"start":{"line":17,"column":0},"end":{"line":17,"column":0}},"17":{"start":{"line":18,"column":0},"end":{"line":18,"column":35}},"18":{"start":{"line":19,"column":0},"end":{"line":19,"column":81}},"19":{"start":{"line":20,"column":0},"end":{"line":20,"column":0}},"20":{"start":{"line":21,"column":0},"end":{"line":21,"column":25}},"21":{"start":{"line":22,"column":0},"end":{"line":22,"column":67}},"22":{"start":{"line":23,"column":0},"end":{"line":23,"column":6}},"23":{"start":{"line":24,"column":0},"end":{"line":24,"column":41}},"24":{"start":{"line":25,"column":0},"end":{"line":25,"column":29}},"25":{"start":{"line":26,"column":0},"end":{"line":26,"column":353}},"26":{"start":{"line":27,"column":0},"end":{"line":27,"column":136}},"27":{"start":{"line":28,"column":0},"end":{"line":28,"column":80}},"28":{"start":{"line":29,"column":0},"end":{"line":29,"column":17}},"29":{"start":{"line":30,"column":0},"end":{"line":30,"column":13}},"30":{"start":{"line":31,"column":0},"end":{"line":31,"column":1}},"31":{"start":{"line":32,"column":0},"end":{"line":32,"column":34}},"32":{"start":{"line":33,"column":0},"end":{"line":33,"column":35}},"33":{"start":{"line":34,"column":0},"end":{"line":34,"column":158}},"34":{"start":{"line":35,"column":0},"end":{"line":35,"column":23}},"35":{"start":{"line":36,"column":0},"end":{"line":36,"column":227}},"36":{"start":{"line":37,"column":0},"end":{"line":37,"column":17}},"37":{"start":{"line":38,"column":0},"end":{"line":38,"column":1}},"38":{"start":{"line":39,"column":0},"end":{"line":39,"column":44}},"39":{"start":{"line":40,"column":0},"end":{"line":40,"column":306}},"40":{"start":{"line":41,"column":0},"end":{"line":41,"column":45}},"41":{"start":{"line":42,"column":0},"end":{"line":42,"column":14}},"42":{"start":{"line":43,"column":0},"end":{"line":43,"column":1}},"43":{"start":{"line":44,"column":0},"end":{"line":44,"column":29}},"44":{"start":{"line":45,"column":0},"end":{"line":45,"column":106}},"45":{"start":{"line":46,"column":0},"end":{"line":46,"column":78}},"46":{"start":{"line":47,"column":0},"end":{"line":47,"column":17}},"47":{"start":{"line":48,"column":0},"end":{"line":48,"column":1}},"48":{"start":{"line":49,"column":0},"end":{"line":49,"column":36}},"49":{"start":{"line":50,"column":0},"end":{"line":50,"column":188}},"50":{"start":{"line":51,"column":0},"end":{"line":51,"column":21}},"51":{"start":{"line":52,"column":0},"end":{"line":52,"column":17}},"52":{"start":{"line":53,"column":0},"end":{"line":53,"column":1}},"53":{"start":{"line":54,"column":0},"end":{"line":54,"column":44}},"54":{"start":{"line":55,"column":0},"end":{"line":55,"column":314}},"55":{"start":{"line":56,"column":0},"end":{"line":56,"column":132}},"56":{"start":{"line":57,"column":0},"end":{"line":57,"column":132}},"57":{"start":{"line":58,"column":0},"end":{"line":58,"column":154}},"58":{"start":{"line":59,"column":0},"end":{"line":59,"column":16}},"59":{"start":{"line":60,"column":0},"end":{"line":60,"column":128}},"60":{"start":{"line":61,"column":0},"end":{"line":61,"column":124}},"61":{"start":{"line":62,"column":0},"end":{"line":62,"column":123}},"62":{"start":{"line":63,"column":0},"end":{"line":63,"column":35}},"63":{"start":{"line":64,"column":0},"end":{"line":64,"column":230}},"64":{"start":{"line":65,"column":0},"end":{"line":65,"column":17}},"65":{"start":{"line":66,"column":0},"end":{"line":66,"column":237}},"66":{"start":{"line":67,"column":0},"end":{"line":67,"column":14}},"67":{"start":{"line":68,"column":0},"end":{"line":68,"column":16}},"68":{"start":{"line":69,"column":0},"end":{"line":69,"column":14}},"69":{"start":{"line":70,"column":0},"end":{"line":70,"column":12}},"70":{"start":{"line":71,"column":0},"end":{"line":71,"column":13}},"71":{"start":{"line":72,"column":0},"end":{"line":72,"column":4}},"72":{"start":{"line":73,"column":0},"end":{"line":73,"column":1}},"73":{"start":{"line":74,"column":0},"end":{"line":74,"column":39}},"74":{"start":{"line":75,"column":0},"end":{"line":75,"column":66}},"75":{"start":{"line":76,"column":0},"end":{"line":76,"column":75}},"76":{"start":{"line":77,"column":0},"end":{"line":77,"column":61}},"77":{"start":{"line":78,"column":0},"end":{"line":78,"column":67}},"78":{"start":{"line":79,"column":0},"end":{"line":79,"column":77}},"79":{"start":{"line":80,"column":0},"end":{"line":80,"column":1}},"80":{"start":{"line":81,"column":0},"end":{"line":81,"column":59}},"81":{"start":{"line":82,"column":0},"end":{"line":82,"column":1}},"82":{"start":{"line":83,"column":0},"end":{"line":83,"column":46}},"83":{"start":{"line":84,"column":0},"end":{"line":84,"column":24}},"84":{"start":{"line":85,"column":0},"end":{"line":85,"column":88}},"85":{"start":{"line":86,"column":0},"end":{"line":86,"column":65}},"86":{"start":{"line":87,"column":0},"end":{"line":87,"column":4}},"87":{"start":{"line":88,"column":0},"end":{"line":88,"column":28}},"88":{"start":{"line":89,"column":0},"end":{"line":89,"column":45}},"89":{"start":{"line":90,"column":0},"end":{"line":90,"column":28}},"90":{"start":{"line":91,"column":0},"end":{"line":91,"column":67}},"91":{"start":{"line":92,"column":0},"end":{"line":92,"column":4}},"92":{"start":{"line":93,"column":0},"end":{"line":93,"column":25}},"93":{"start":{"line":94,"column":0},"end":{"line":94,"column":19}},"94":{"start":{"line":95,"column":0},"end":{"line":95,"column":73}},"95":{"start":{"line":96,"column":0},"end":{"line":96,"column":5}},"96":{"start":{"line":97,"column":0},"end":{"line":97,"column":5}},"97":{"start":{"line":98,"column":0},"end":{"line":98,"column":1}},"98":{"start":{"line":99,"column":0},"end":{"line":99,"column":38}},"99":{"start":{"line":100,"column":0},"end":{"line":100,"column":24}},"100":{"start":{"line":101,"column":0},"end":{"line":101,"column":39}},"101":{"start":{"line":102,"column":0},"end":{"line":102,"column":54}},"102":{"start":{"line":103,"column":0},"end":{"line":103,"column":61}},"103":{"start":{"line":104,"column":0},"end":{"line":104,"column":19}},"104":{"start":{"line":105,"column":0},"end":{"line":105,"column":44}},"105":{"start":{"line":106,"column":0},"end":{"line":106,"column":53}},"106":{"start":{"line":107,"column":0},"end":{"line":107,"column":59}},"107":{"start":{"line":108,"column":0},"end":{"line":108,"column":12}},"108":{"start":{"line":109,"column":0},"end":{"line":109,"column":41}},"109":{"start":{"line":110,"column":0},"end":{"line":110,"column":54}},"110":{"start":{"line":111,"column":0},"end":{"line":111,"column":5}},"111":{"start":{"line":112,"column":0},"end":{"line":112,"column":4}},"112":{"start":{"line":113,"column":0},"end":{"line":113,"column":0}},"113":{"start":{"line":114,"column":0},"end":{"line":114,"column":58}},"114":{"start":{"line":115,"column":0},"end":{"line":115,"column":1}},"115":{"start":{"line":116,"column":0},"end":{"line":116,"column":33}},"116":{"start":{"line":117,"column":0},"end":{"line":117,"column":24}},"117":{"start":{"line":118,"column":0},"end":{"line":118,"column":39}},"118":{"start":{"line":119,"column":0},"end":{"line":119,"column":52}},"119":{"start":{"line":120,"column":0},"end":{"line":120,"column":59}},"120":{"start":{"line":121,"column":0},"end":{"line":121,"column":19}},"121":{"start":{"line":122,"column":0},"end":{"line":122,"column":44}},"122":{"start":{"line":123,"column":0},"end":{"line":123,"column":55}},"123":{"start":{"line":124,"column":0},"end":{"line":124,"column":12}},"124":{"start":{"line":125,"column":0},"end":{"line":125,"column":41}},"125":{"start":{"line":126,"column":0},"end":{"line":126,"column":56}},"126":{"start":{"line":127,"column":0},"end":{"line":127,"column":5}},"127":{"start":{"line":128,"column":0},"end":{"line":128,"column":4}},"128":{"start":{"line":129,"column":0},"end":{"line":129,"column":0}},"129":{"start":{"line":130,"column":0},"end":{"line":130,"column":55}},"130":{"start":{"line":131,"column":0},"end":{"line":131,"column":49}},"131":{"start":{"line":132,"column":0},"end":{"line":132,"column":45}},"132":{"start":{"line":133,"column":0},"end":{"line":133,"column":25}},"133":{"start":{"line":134,"column":0},"end":{"line":134,"column":24}},"134":{"start":{"line":135,"column":0},"end":{"line":135,"column":5}},"135":{"start":{"line":136,"column":0},"end":{"line":136,"column":5}},"136":{"start":{"line":137,"column":0},"end":{"line":137,"column":1}},"137":{"start":{"line":138,"column":0},"end":{"line":138,"column":36}},"138":{"start":{"line":139,"column":0},"end":{"line":139,"column":44}},"139":{"start":{"line":140,"column":0},"end":{"line":140,"column":39}},"140":{"start":{"line":141,"column":0},"end":{"line":141,"column":39}},"141":{"start":{"line":142,"column":0},"end":{"line":142,"column":52}},"142":{"start":{"line":143,"column":0},"end":{"line":143,"column":54}},"143":{"start":{"line":144,"column":0},"end":{"line":144,"column":5}},"144":{"start":{"line":145,"column":0},"end":{"line":145,"column":1}},"145":{"start":{"line":146,"column":0},"end":{"line":146,"column":38}},"146":{"start":{"line":147,"column":0},"end":{"line":147,"column":38}},"147":{"start":{"line":148,"column":0},"end":{"line":148,"column":24}},"148":{"start":{"line":149,"column":0},"end":{"line":149,"column":62}},"149":{"start":{"line":150,"column":0},"end":{"line":150,"column":76}},"150":{"start":{"line":151,"column":0},"end":{"line":151,"column":4}},"151":{"start":{"line":152,"column":0},"end":{"line":152,"column":20}},"152":{"start":{"line":153,"column":0},"end":{"line":153,"column":11}},"153":{"start":{"line":154,"column":0},"end":{"line":154,"column":53}},"154":{"start":{"line":155,"column":0},"end":{"line":155,"column":8}},"155":{"start":{"line":156,"column":0},"end":{"line":156,"column":1}},"156":{"start":{"line":157,"column":0},"end":{"line":157,"column":57}},"157":{"start":{"line":158,"column":0},"end":{"line":158,"column":34}},"158":{"start":{"line":159,"column":0},"end":{"line":159,"column":4}},"159":{"start":{"line":160,"column":0},"end":{"line":160,"column":0}},"160":{"start":{"line":161,"column":0},"end":{"line":161,"column":66}},"161":{"start":{"line":162,"column":0},"end":{"line":162,"column":55}},"162":{"start":{"line":163,"column":0},"end":{"line":163,"column":45}},"163":{"start":{"line":164,"column":0},"end":{"line":164,"column":25}},"164":{"start":{"line":165,"column":0},"end":{"line":165,"column":29}},"165":{"start":{"line":166,"column":0},"end":{"line":166,"column":5}},"166":{"start":{"line":167,"column":0},"end":{"line":167,"column":5}},"167":{"start":{"line":168,"column":0},"end":{"line":168,"column":0}},"168":{"start":{"line":169,"column":0},"end":{"line":169,"column":20}},"169":{"start":{"line":170,"column":0},"end":{"line":170,"column":85}},"170":{"start":{"line":171,"column":0},"end":{"line":171,"column":24}},"171":{"start":{"line":172,"column":0},"end":{"line":172,"column":36}},"172":{"start":{"line":173,"column":0},"end":{"line":173,"column":57}},"173":{"start":{"line":174,"column":0},"end":{"line":174,"column":40}},"174":{"start":{"line":175,"column":0},"end":{"line":175,"column":29}},"175":{"start":{"line":176,"column":0},"end":{"line":176,"column":5}},"176":{"start":{"line":177,"column":0},"end":{"line":177,"column":0}},"177":{"start":{"line":178,"column":0},"end":{"line":178,"column":78}},"178":{"start":{"line":179,"column":0},"end":{"line":179,"column":42}},"179":{"start":{"line":180,"column":0},"end":{"line":180,"column":64}},"180":{"start":{"line":181,"column":0},"end":{"line":181,"column":45}},"181":{"start":{"line":182,"column":0},"end":{"line":182,"column":35}},"182":{"start":{"line":183,"column":0},"end":{"line":183,"column":7}},"183":{"start":{"line":184,"column":0},"end":{"line":184,"column":5}},"184":{"start":{"line":185,"column":0},"end":{"line":185,"column":0}},"185":{"start":{"line":186,"column":0},"end":{"line":186,"column":42}},"186":{"start":{"line":187,"column":0},"end":{"line":187,"column":69}},"187":{"start":{"line":188,"column":0},"end":{"line":188,"column":42}},"188":{"start":{"line":189,"column":0},"end":{"line":189,"column":41}},"189":{"start":{"line":190,"column":0},"end":{"line":190,"column":7}},"190":{"start":{"line":191,"column":0},"end":{"line":191,"column":5}},"191":{"start":{"line":192,"column":0},"end":{"line":192,"column":1}}},"s":{"0":0,"1":0,"2":0,"3":0,"4":0,"5":0,"6":0,"7":0,"8":0,"9":0,"10":0,"11":0,"12":0,"13":0,"14":0,"15":0,"16":0,"17":0,"18":0,"19":0,"20":0,"21":0,"22":0,"23":0,"24":0,"25":0,"26":0,"27":0,"28":0,"29":0,"30":0,"31":0,"32":0,"33":0,"34":0,"35":0,"36":0,"37":0,"38":0,"39":0,"40":0,"41":0,"42":0,"43":0,"44":0,"45":0,"46":0,"47":0,"48":0,"49":0,"50":0,"51":0,"52":0,"53":0,"54":0,"55":0,"56":0,"57":0,"58":0,"59":0,"60":0,"61":0,"62":0,"63":0,"64":0,"65":0,"66":0,"67":0,"68":0,"69":0,"70":0,"71":0,"72":0,"73":0,"74":0,"75":0,"76":0,"77":0,"78":0,"79":0,"80":0,"81":0,"82":0,"83":0,"84":0,"85":0,"86":0,"87":0,"88":0,"89":0,"90":0,"91":0,"92":0,"93":0,"94":0,"95":0,"96":0,"97":0,"98":0,"99":0,"100":0,"101":0,"102":0,"103":0,"104":0,"105":0,"106":0,"107":0,"108":0,"109":0,"110":0,"111":0,"112":0,"113":0,"114":0,"115":0,"116":0,"117":0,"118":0,"119":0,"120":0,"121":0,"122":0,"123":0,"124":0,"125":0,"126":0,"127":0,"128":0,"129":0,"130":0,"131":0,"132":0,"133":0,"134":0,"135":0,"136":0,"137":0,"138":0,"139":0,"140":0,"141":0,"142":0,"143":0,"144":0,"145":0,"146":0,"147":0,"148":0,"149":0,"150":0,"151":0,"152":0,"153":0,"154":0,"155":0,"156":0,"157":0,"158":0,"159":0,"160":0,"161":0,"162":0,"163":0,"164":0,"165":0,"166":0,"167":0,"168":0,"169":0,"170":0,"171":0,"172":0,"173":0,"174":0,"175":0,"176":0,"177":0,"178":0,"179":0,"180":0,"181":0,"182":0,"183":0,"184":0,"185":0,"186":0,"187":0,"188":0,"189":0,"190":0,"191":0},"branchMap":{"0":{"type":"branch","line":1,"loc":{"start":{"line":1,"column":9069},"end":{"line":192,"column":1}},"locations":[{"start":{"line":1,"column":9069},"end":{"line":192,"column":1}}]}},"b":{"0":[0]},"fnMap":{"0":{"name":"(empty-report)","decl":{"start":{"line":1,"column":9069},"end":{"line":192,"column":1}},"loc":{"start":{"line":1,"column":9069},"end":{"line":192,"column":1}},"line":1}},"f":{"0":0}}
,"C:\\sustaina\\src\\constants\\design.js": {"path":"C:\\sustaina\\src\\constants\\design.js","all":true,"statementMap":{"0":{"start":{"line":1,"column":0},"end":{"line":1,"column":3}},"1":{"start":{"line":2,"column":0},"end":{"line":2,"column":50}},"2":{"start":{"line":3,"column":0},"end":{"line":3,"column":3}},"3":{"start":{"line":4,"column":0},"end":{"line":4,"column":0}},"4":{"start":{"line":5,"column":0},"end":{"line":5,"column":23}},"5":{"start":{"line":6,"column":0},"end":{"line":6,"column":22}},"6":{"start":{"line":7,"column":0},"end":{"line":7,"column":22}},"7":{"start":{"line":8,"column":0},"end":{"line":8,"column":22}},"8":{"start":{"line":9,"column":0},"end":{"line":9,"column":22}},"9":{"start":{"line":10,"column":0},"end":{"line":10,"column":22}},"10":{"start":{"line":11,"column":0},"end":{"line":11,"column":22}},"11":{"start":{"line":12,"column":0},"end":{"line":12,"column":22}},"12":{"start":{"line":13,"column":0},"end":{"line":13,"column":22}},"13":{"start":{"line":14,"column":0},"end":{"line":14,"column":22}},"14":{"start":{"line":15,"column":0},"end":{"line":15,"column":18}},"15":{"start":{"line":16,"column":0},"end":{"line":16,"column":21}},"16":{"start":{"line":17,"column":0},"end":{"line":17,"column":22}},"17":{"start":{"line":18,"column":0},"end":{"line":18,"column":18}},"18":{"start":{"line":19,"column":0},"end":{"line":19,"column":23}},"19":{"start":{"line":20,"column":0},"end":{"line":20,"column":23}},"20":{"start":{"line":21,"column":0},"end":{"line":21,"column":2}},"21":{"start":{"line":22,"column":0},"end":{"line":22,"column":0}},"22":{"start":{"line":23,"column":0},"end":{"line":23,"column":33}},"23":{"start":{"line":24,"column":0},"end":{"line":24,"column":29}},"24":{"start":{"line":25,"column":0},"end":{"line":25,"column":24}},"25":{"start":{"line":26,"column":0},"end":{"line":26,"column":26}},"26":{"start":{"line":27,"column":0},"end":{"line":27,"column":24}},"27":{"start":{"line":28,"column":0},"end":{"line":28,"column":23}},"28":{"start":{"line":29,"column":0},"end":{"line":29,"column":2}}},"s":{"0":0,"1":0,"2":0,"3":0,"4":0,"5":0,"6":0,"7":0,"8":0,"9":0,"10":0,"11":0,"12":0,"13":0,"14":0,"15":0,"16":0,"17":0,"18":0,"19":0,"20":0,"21":0,"22":0,"23":0,"24":0,"25":0,"26":0,"27":0,"28":0},"branchMap":{"0":{"type":"branch","line":1,"loc":{"start":{"line":1,"column":621},"end":{"line":29,"column":2}},"locations":[{"start":{"line":1,"column":621},"end":{"line":29,"column":2}}]}},"b":{"0":[0]},"fnMap":{"0":{"name":"(empty-report)","decl":{"start":{"line":1,"column":621},"end":{"line":29,"column":2}},"loc":{"start":{"line":1,"column":621},"end":{"line":29,"column":2}},"line":1}},"f":{"0":0}}
,"C:\\sustaina\\src\\constants\\onboarding.js": {"path":"C:\\sustaina\\src\\constants\\onboarding.js","all":true,"statementMap":{"0":{"start":{"line":1,"column":0},"end":{"line":1,"column":3}},"1":{"start":{"line":2,"column":0},"end":{"line":2,"column":51}},"2":{"start":{"line":3,"column":0},"end":{"line":3,"column":3}},"3":{"start":{"line":4,"column":0},"end":{"line":4,"column":0}},"4":{"start":{"line":5,"column":0},"end":{"line":5,"column":33}},"5":{"start":{"line":6,"column":0},"end":{"line":6,"column":39}},"6":{"start":{"line":7,"column":0},"end":{"line":7,"column":53}},"7":{"start":{"line":8,"column":0},"end":{"line":8,"column":48}},"8":{"start":{"line":9,"column":0},"end":{"line":9,"column":40}},"9":{"start":{"line":10,"column":0},"end":{"line":10,"column":48}},"10":{"start":{"line":11,"column":0},"end":{"line":11,"column":2}},"11":{"start":{"line":12,"column":0},"end":{"line":12,"column":0}},"12":{"start":{"line":13,"column":0},"end":{"line":13,"column":29}},"13":{"start":{"line":14,"column":0},"end":{"line":14,"column":83}},"14":{"start":{"line":15,"column":0},"end":{"line":15,"column":78}},"15":{"start":{"line":16,"column":0},"end":{"line":16,"column":86}},"16":{"start":{"line":17,"column":0},"end":{"line":17,"column":75}},"17":{"start":{"line":18,"column":0},"end":{"line":18,"column":65}},"18":{"start":{"line":19,"column":0},"end":{"line":19,"column":86}},"19":{"start":{"line":20,"column":0},"end":{"line":20,"column":76}},"20":{"start":{"line":21,"column":0},"end":{"line":21,"column":67}},"21":{"start":{"line":22,"column":0},"end":{"line":22,"column":2}},"22":{"start":{"line":23,"column":0},"end":{"line":23,"column":0}},"23":{"start":{"line":24,"column":0},"end":{"line":24,"column":40}},"24":{"start":{"line":25,"column":0},"end":{"line":25,"column":22}},"25":{"start":{"line":26,"column":0},"end":{"line":26,"column":11}},"26":{"start":{"line":27,"column":0},"end":{"line":27,"column":11}},"27":{"start":{"line":28,"column":0},"end":{"line":28,"column":22}},"28":{"start":{"line":29,"column":0},"end":{"line":29,"column":15}},"29":{"start":{"line":30,"column":0},"end":{"line":30,"column":23}},"30":{"start":{"line":31,"column":0},"end":{"line":31,"column":11}},"31":{"start":{"line":32,"column":0},"end":{"line":32,"column":15}},"32":{"start":{"line":33,"column":0},"end":{"line":33,"column":24}},"33":{"start":{"line":34,"column":0},"end":{"line":34,"column":25}},"34":{"start":{"line":35,"column":0},"end":{"line":35,"column":21}},"35":{"start":{"line":36,"column":0},"end":{"line":36,"column":25}},"36":{"start":{"line":37,"column":0},"end":{"line":37,"column":12}},"37":{"start":{"line":38,"column":0},"end":{"line":38,"column":2}},"38":{"start":{"line":39,"column":0},"end":{"line":39,"column":0}},"39":{"start":{"line":40,"column":0},"end":{"line":40,"column":37}},"40":{"start":{"line":41,"column":0},"end":{"line":41,"column":24}},"41":{"start":{"line":42,"column":0},"end":{"line":42,"column":35}},"42":{"start":{"line":43,"column":0},"end":{"line":43,"column":32}},"43":{"start":{"line":44,"column":0},"end":{"line":44,"column":34}},"44":{"start":{"line":45,"column":0},"end":{"line":45,"column":31}},"45":{"start":{"line":46,"column":0},"end":{"line":46,"column":31}},"46":{"start":{"line":47,"column":0},"end":{"line":47,"column":2}}},"s":{"0":0,"1":0,"2":0,"3":0,"4":0,"5":0,"6":0,"7":0,"8":0,"9":0,"10":0,"11":0,"12":0,"13":0,"14":0,"15":0,"16":0,"17":0,"18":0,"19":0,"20":0,"21":0,"22":0,"23":0,"24":0,"25":0,"26":0,"27":0,"28":0,"29":0,"30":0,"31":0,"32":0,"33":0,"34":0,"35":0,"36":0,"37":0,"38":0,"39":0,"40":0,"41":0,"42":0,"43":0,"44":0,"45":0,"46":0},"branchMap":{"0":{"type":"branch","line":1,"loc":{"start":{"line":1,"column":1564},"end":{"line":47,"column":2}},"locations":[{"start":{"line":1,"column":1564},"end":{"line":47,"column":2}}]}},"b":{"0":[0]},"fnMap":{"0":{"name":"(empty-report)","decl":{"start":{"line":1,"column":1564},"end":{"line":47,"column":2}},"loc":{"start":{"line":1,"column":1564},"end":{"line":47,"column":2}},"line":1}},"f":{"0":0}}
,"C:\\sustaina\\src\\data\\emissions.js": {"path":"C:\\sustaina\\src\\data\\emissions.js","all":false,"statementMap":{"0":{"start":{"line":1,"column":0},"end":{"line":1,"column":46}},"1":{"start":{"line":2,"column":0},"end":{"line":2,"column":58}},"2":{"start":{"line":3,"column":0},"end":{"line":3,"column":48}},"3":{"start":{"line":4,"column":0},"end":{"line":4,"column":46}},"4":{"start":{"line":5,"column":0},"end":{"line":5,"column":0}},"5":{"start":{"line":6,"column":0},"end":{"line":6,"column":58}},"6":{"start":{"line":7,"column":0},"end":{"line":7,"column":29}},"7":{"start":{"line":8,"column":0},"end":{"line":8,"column":20}},"8":{"start":{"line":9,"column":0},"end":{"line":9,"column":18}},"9":{"start":{"line":10,"column":0},"end":{"line":10,"column":14}},"10":{"start":{"line":11,"column":0},"end":{"line":11,"column":19}},"11":{"start":{"line":12,"column":0},"end":{"line":12,"column":16}},"12":{"start":{"line":13,"column":0},"end":{"line":13,"column":18}},"13":{"start":{"line":14,"column":0},"end":{"line":14,"column":22}},"14":{"start":{"line":15,"column":0},"end":{"line":15,"column":20}},"15":{"start":{"line":16,"column":0},"end":{"line":16,"column":18}},"16":{"start":{"line":17,"column":0},"end":{"line":17,"column":23}},"17":{"start":{"line":18,"column":0},"end":{"line":18,"column":15}},"18":{"start":{"line":19,"column":0},"end":{"line":19,"column":15}},"19":{"start":{"line":20,"column":0},"end":{"line":20,"column":16}},"20":{"start":{"line":21,"column":0},"end":{"line":21,"column":23}},"21":{"start":{"line":22,"column":0},"end":{"line":22,"column":15}},"22":{"start":{"line":23,"column":0},"end":{"line":23,"column":2}},"23":{"start":{"line":24,"column":0},"end":{"line":24,"column":0}},"24":{"start":{"line":25,"column":0},"end":{"line":25,"column":24}},"25":{"start":{"line":26,"column":0},"end":{"line":26,"column":31}},"26":{"start":{"line":27,"column":0},"end":{"line":27,"column":68}},"27":{"start":{"line":28,"column":0},"end":{"line":28,"column":70}},"28":{"start":{"line":29,"column":0},"end":{"line":29,"column":104}},"29":{"start":{"line":30,"column":0},"end":{"line":30,"column":73}},"30":{"start":{"line":31,"column":0},"end":{"line":31,"column":62}},"31":{"start":{"line":32,"column":0},"end":{"line":32,"column":52}},"32":{"start":{"line":33,"column":0},"end":{"line":33,"column":25}},"33":{"start":{"line":34,"column":0},"end":{"line":34,"column":66}},"34":{"start":{"line":35,"column":0},"end":{"line":35,"column":79}},"35":{"start":{"line":36,"column":0},"end":{"line":36,"column":48}},"36":{"start":{"line":37,"column":0},"end":{"line":37,"column":43}},"37":{"start":{"line":38,"column":0},"end":{"line":38,"column":53}},"38":{"start":{"line":39,"column":0},"end":{"line":39,"column":63}},"39":{"start":{"line":40,"column":0},"end":{"line":40,"column":2}},"40":{"start":{"line":41,"column":0},"end":{"line":41,"column":0}},"41":{"start":{"line":42,"column":0},"end":{"line":42,"column":45}},"42":{"start":{"line":43,"column":0},"end":{"line":43,"column":34}},"43":{"start":{"line":44,"column":0},"end":{"line":44,"column":20}},"44":{"start":{"line":45,"column":0},"end":{"line":45,"column":20}},"45":{"start":{"line":46,"column":0},"end":{"line":46,"column":20}},"46":{"start":{"line":47,"column":0},"end":{"line":47,"column":14}},"47":{"start":{"line":48,"column":0},"end":{"line":48,"column":14}},"48":{"start":{"line":49,"column":0},"end":{"line":49,"column":13}},"49":{"start":{"line":50,"column":0},"end":{"line":50,"column":15}},"50":{"start":{"line":51,"column":0},"end":{"line":51,"column":15}},"51":{"start":{"line":52,"column":0},"end":{"line":52,"column":14}},"52":{"start":{"line":53,"column":0},"end":{"line":53,"column":15}},"53":{"start":{"line":54,"column":0},"end":{"line":54,"column":22}},"54":{"start":{"line":55,"column":0},"end":{"line":55,"column":26}},"55":{"start":{"line":56,"column":0},"end":{"line":56,"column":2}},"56":{"start":{"line":57,"column":0},"end":{"line":57,"column":0}},"57":{"start":{"line":58,"column":0},"end":{"line":58,"column":50}},"58":{"start":{"line":59,"column":0},"end":{"line":59,"column":29}},"59":{"start":{"line":60,"column":0},"end":{"line":60,"column":14}},"60":{"start":{"line":61,"column":0},"end":{"line":61,"column":19}},"61":{"start":{"line":62,"column":0},"end":{"line":62,"column":16}},"62":{"start":{"line":63,"column":0},"end":{"line":63,"column":15}},"63":{"start":{"line":64,"column":0},"end":{"line":64,"column":12}},"64":{"start":{"line":65,"column":0},"end":{"line":65,"column":2}},"65":{"start":{"line":66,"column":0},"end":{"line":66,"column":0}},"66":{"start":{"line":67,"column":0},"end":{"line":67,"column":18}},"67":{"start":{"line":68,"column":0},"end":{"line":68,"column":29}},"68":{"start":{"line":69,"column":0},"end":{"line":69,"column":48}},"69":{"start":{"line":70,"column":0},"end":{"line":70,"column":19}},"70":{"start":{"line":71,"column":0},"end":{"line":71,"column":19}},"71":{"start":{"line":72,"column":0},"end":{"line":72,"column":2}},"72":{"start":{"line":73,"column":0},"end":{"line":73,"column":0}},"73":{"start":{"line":74,"column":0},"end":{"line":74,"column":41}},"74":{"start":{"line":75,"column":0},"end":{"line":75,"column":33}},"75":{"start":{"line":76,"column":0},"end":{"line":76,"column":19}},"76":{"start":{"line":77,"column":0},"end":{"line":77,"column":16}},"77":{"start":{"line":78,"column":0},"end":{"line":78,"column":20}},"78":{"start":{"line":79,"column":0},"end":{"line":79,"column":24}},"79":{"start":{"line":80,"column":0},"end":{"line":80,"column":18}},"80":{"start":{"line":81,"column":0},"end":{"line":81,"column":2}},"81":{"start":{"line":82,"column":0},"end":{"line":82,"column":0}},"82":{"start":{"line":83,"column":0},"end":{"line":83,"column":32}},"83":{"start":{"line":84,"column":0},"end":{"line":84,"column":30}},"84":{"start":{"line":85,"column":0},"end":{"line":85,"column":17}},"85":{"start":{"line":86,"column":0},"end":{"line":86,"column":18}},"86":{"start":{"line":87,"column":0},"end":{"line":87,"column":18}},"87":{"start":{"line":88,"column":0},"end":{"line":88,"column":2}},"88":{"start":{"line":89,"column":0},"end":{"line":89,"column":0}},"89":{"start":{"line":90,"column":0},"end":{"line":90,"column":21}},"90":{"start":{"line":91,"column":0},"end":{"line":91,"column":29}},"91":{"start":{"line":92,"column":0},"end":{"line":92,"column":41}},"92":{"start":{"line":93,"column":0},"end":{"line":93,"column":41}},"93":{"start":{"line":94,"column":0},"end":{"line":94,"column":21}},"94":{"start":{"line":95,"column":0},"end":{"line":95,"column":20}},"95":{"start":{"line":96,"column":0},"end":{"line":96,"column":19}},"96":{"start":{"line":97,"column":0},"end":{"line":97,"column":49}},"97":{"start":{"line":98,"column":0},"end":{"line":98,"column":25}},"98":{"start":{"line":99,"column":0},"end":{"line":99,"column":2}},"99":{"start":{"line":100,"column":0},"end":{"line":100,"column":0}},"100":{"start":{"line":101,"column":0},"end":{"line":101,"column":35}},"101":{"start":{"line":102,"column":0},"end":{"line":102,"column":0}},"102":{"start":{"line":103,"column":0},"end":{"line":103,"column":37}},"103":{"start":{"line":104,"column":0},"end":{"line":104,"column":54}},"104":{"start":{"line":105,"column":0},"end":{"line":105,"column":56}},"105":{"start":{"line":106,"column":0},"end":{"line":106,"column":53}},"106":{"start":{"line":107,"column":0},"end":{"line":107,"column":1}},"107":{"start":{"line":108,"column":0},"end":{"line":108,"column":0}},"108":{"start":{"line":109,"column":0},"end":{"line":109,"column":49}},"109":{"start":{"line":110,"column":0},"end":{"line":110,"column":46}},"110":{"start":{"line":111,"column":0},"end":{"line":111,"column":46}},"111":{"start":{"line":112,"column":0},"end":{"line":112,"column":1}},"112":{"start":{"line":113,"column":0},"end":{"line":113,"column":0}},"113":{"start":{"line":114,"column":0},"end":{"line":114,"column":55}},"114":{"start":{"line":115,"column":0},"end":{"line":115,"column":67}},"115":{"start":{"line":116,"column":0},"end":{"line":116,"column":49}},"116":{"start":{"line":117,"column":0},"end":{"line":117,"column":1}},"117":{"start":{"line":118,"column":0},"end":{"line":118,"column":0}},"118":{"start":{"line":119,"column":0},"end":{"line":119,"column":54}},"119":{"start":{"line":120,"column":0},"end":{"line":120,"column":37}},"120":{"start":{"line":121,"column":0},"end":{"line":121,"column":49}},"121":{"start":{"line":122,"column":0},"end":{"line":122,"column":1}},"122":{"start":{"line":123,"column":0},"end":{"line":123,"column":0}},"123":{"start":{"line":124,"column":0},"end":{"line":124,"column":44}},"124":{"start":{"line":125,"column":0},"end":{"line":125,"column":72}},"125":{"start":{"line":126,"column":0},"end":{"line":126,"column":1}},"126":{"start":{"line":127,"column":0},"end":{"line":127,"column":0}},"127":{"start":{"line":128,"column":0},"end":{"line":128,"column":45}},"128":{"start":{"line":129,"column":0},"end":{"line":129,"column":101}},"129":{"start":{"line":130,"column":0},"end":{"line":130,"column":0}},"130":{"start":{"line":131,"column":0},"end":{"line":131,"column":88}},"131":{"start":{"line":132,"column":0},"end":{"line":132,"column":2}},"132":{"start":{"line":133,"column":0},"end":{"line":133,"column":23}},"133":{"start":{"line":134,"column":0},"end":{"line":134,"column":59}},"134":{"start":{"line":135,"column":0},"end":{"line":135,"column":53}},"135":{"start":{"line":136,"column":0},"end":{"line":136,"column":97}},"136":{"start":{"line":137,"column":0},"end":{"line":137,"column":67}},"137":{"start":{"line":138,"column":0},"end":{"line":138,"column":60}},"138":{"start":{"line":139,"column":0},"end":{"line":139,"column":2}},"139":{"start":{"line":140,"column":0},"end":{"line":140,"column":105}},"140"
[...]
},"locations":[{"start":{"line":297,"column":11},"end":{"line":297,"column":69}}]},"37":{"type":"branch","line":300,"loc":{"start":{"line":300,"column":7},"end":{"line":300,"column":52}},"locations":[{"start":{"line":300,"column":7},"end":{"line":300,"column":52}}]},"38":{"type":"branch","line":302,"loc":{"start":{"line":302,"column":7},"end":{"line":306,"column":1}},"locations":[{"start":{"line":302,"column":7},"end":{"line":306,"column":1}}]},"39":{"type":"branch","line":303,"loc":{"start":{"line":303,"column":53},"end":{"line":303,"column":58}},"locations":[{"start":{"line":303,"column":53},"end":{"line":303,"column":58}}]},"40":{"type":"branch","line":305,"loc":{"start":{"line":305,"column":24},"end":{"line":305,"column":108}},"locations":[{"start":{"line":305,"column":24},"end":{"line":305,"column":108}}]},"41":{"type":"branch","line":304,"loc":{"start":{"line":304,"column":11},"end":{"line":304,"column":78}},"locations":[{"start":{"line":304,"column":11},"end":{"line":304,"column":78}}]},"42":{"type":"branch","line":308,"loc":{"start":{"line":308,"column":7},"end":{"line":312,"column":1}},"locations":[{"start":{"line":308,"column":7},"end":{"line":312,"column":1}}]},"43":{"type":"branch","line":309,"loc":{"start":{"line":309,"column":52},"end":{"line":309,"column":57}},"locations":[{"start":{"line":309,"column":52},"end":{"line":309,"column":57}}]},"44":{"type":"branch","line":311,"loc":{"start":{"line":311,"column":24},"end":{"line":311,"column":107}},"locations":[{"start":{"line":311,"column":24},"end":{"line":311,"column":107}}]},"45":{"type":"branch","line":310,"loc":{"start":{"line":310,"column":11},"end":{"line":310,"column":77}},"locations":[{"start":{"line":310,"column":11},"end":{"line":310,"column":77}}]},"46":{"type":"branch","line":314,"loc":{"start":{"line":314,"column":7},"end":{"line":318,"column":1}},"locations":[{"start":{"line":314,"column":7},"end":{"line":318,"column":1}}]},"47":{"type":"branch","line":315,"loc":{"start":{"line":315,"column":53},"end":{"line":315,"column":58}},"locations":[{"start":{"line":315,"column":53},"end":{"line":315,"column":58}}]},"48":{"type":"branch","line":317,"loc":{"start":{"line":317,"column":24},"end":{"line":317,"column":108}},"locations":[{"start":{"line":317,"column":24},"end":{"line":317,"column":108}}]},"49":{"type":"branch","line":316,"loc":{"start":{"line":316,"column":11},"end":{"line":316,"column":78}},"locations":[{"start":{"line":316,"column":11},"end":{"line":316,"column":78}}]},"50":{"type":"branch","line":320,"loc":{"start":{"line":320,"column":7},"end":{"line":320,"column":56}},"locations":[{"start":{"line":320,"column":7},"end":{"line":320,"column":56}}]},"51":{"type":"branch","line":322,"loc":{"start":{"line":322,"column":7},"end":{"line":326,"column":1}},"locations":[{"start":{"line":322,"column":7},"end":{"line":326,"column":1}}]},"52":{"type":"branch","line":323,"loc":{"start":{"line":323,"column":48},"end":{"line":323,"column":89}},"locations":[{"start":{"line":323,"column":48},"end":{"line":323,"column":89}}]},"53":{"type":"branch","line":325,"loc":{"start":{"line":325,"column":24},"end":{"line":325,"column":77}},"locations":[{"start":{"line":325,"column":24},"end":{"line":325,"column":77}}]},"54":{"type":"branch","line":324,"loc":{"start":{"line":324,"column":11},"end":{"line":324,"column":63}},"locations":[{"start":{"line":324,"column":11},"end":{"line":324,"column":63}}]},"55":{"type":"branch","line":328,"loc":{"start":{"line":328,"column":7},"end":{"line":328,"column":68}},"locations":[{"start":{"line":328,"column":7},"end":{"line":328,"column":68}}]},"56":{"type":"branch","line":328,"loc":{"start":{"line":328,"column":60},"end":{"line":328,"column":65}},"locations":[{"start":{"line":328,"column":60},"end":{"line":328,"column":65}}]},"57":{"type":"branch","line":330,"loc":{"start":{"line":330,"column":7},"end":{"line":334,"column":1}},"locations":[{"start":{"line":330,"column":7},"end":{"line":334,"column":1}}]},"58":{"type":"branch","line":333,"loc":{"start":{"line":333,"column":24},"end":{"line":333,"column":72}},"locations":[{"start":{"line":333,"column":24},"end":{"line":333,"column":72}}]},"59":{"type":"branch","line":332,"loc":{"start":{"line":332,"column":11},"end":{"line":332,"column":75}},"locations":[{"start":{"line":332,"column":11},"end":{"line":332,"column":75}}]},"60":{"type":"branch","line":332,"loc":{"start":{"line":332,"column":65},"end":{"line":332,"column":70}},"locations":[{"start":{"line":332,"column":65},"end":{"line":332,"column":70}}]},"61":{"type":"branch","line":338,"loc":{"start":{"line":338,"column":7},"end":{"line":338,"column":64}},"locations":[{"start":{"line":338,"column":7},"end":{"line":338,"column":64}}]},"62":{"type":"branch","line":338,"loc":{"start":{"line":338,"column":56},"end":{"line":338,"column":61}},"locations":[{"start":{"line":338,"column":56},"end":{"line":338,"column":61}}]},"63":{"type":"branch","line":340,"loc":{"start":{"line":340,"column":7},"end":{"line":344,"column":1}},"locations":[{"start":{"line":340,"column":7},"end":{"line":344,"column":1}}]},"64":{"type":"branch","line":343,"loc":{"start":{"line":343,"column":24},"end":{"line":343,"column":78}},"locations":[{"start":{"line":343,"column":24},"end":{"line":343,"column":78}}]},"65":{"type":"branch","line":342,"loc":{"start":{"line":342,"column":11},"end":{"line":342,"column":72}},"locations":[{"start":{"line":342,"column":11},"end":{"line":342,"column":72}}]},"66":{"type":"branch","line":342,"loc":{"start":{"line":342,"column":62},"end":{"line":342,"column":67}},"locations":[{"start":{"line":342,"column":62},"end":{"line":342,"column":67}}]},"67":{"type":"branch","line":346,"loc":{"start":{"line":346,"column":7},"end":{"line":346,"column":72}},"locations":[{"start":{"line":346,"column":7},"end":{"line":346,"column":72}}]},"68":{"type":"branch","line":346,"loc":{"start":{"line":346,"column":64},"end":{"line":346,"column":69}},"locations":[{"start":{"line":346,"column":64},"end":{"line":346,"column":69}}]},"69":{"type":"branch","line":348,"loc":{"start":{"line":348,"column":7},"end":{"line":352,"column":1}},"locations":[{"start":{"line":348,"column":7},"end":{"line":352,"column":1}}]},"70":{"type":"branch","line":349,"loc":{"start":{"line":349,"column":26},"end":{"line":349,"column":46}},"locations":[{"start":{"line":349,"column":26},"end":{"line":349,"column":46}}]},"71":{"type":"branch","line":351,"loc":{"start":{"line":351,"column":24},"end":{"line":351,"column":72}},"locations":[{"start":{"line":351,"column":24},"end":{"line":351,"column":72}}]},"72":{"type":"branch","line":350,"loc":{"start":{"line":350,"column":11},"end":{"line":350,"column":77}},"locations":[{"start":{"line":350,"column":11},"end":{"line":350,"column":77}}]},"73":{"type":"branch","line":350,"loc":{"start":{"line":350,"column":67},"end":{"line":350,"column":72}},"locations":[{"start":{"line":350,"column":67},"end":{"line":350,"column":72}}]},"74":{"type":"branch","line":354,"loc":{"start":{"line":354,"column":7},"end":{"line":357,"column":1}},"locations":[{"start":{"line":354,"column":7},"end":{"line":357,"column":1}}]},"75":{"type":"branch","line":356,"loc":{"start":{"line":356,"column":24},"end":{"line":356,"column":52}},"locations":[{"start":{"line":356,"column":24},"end":{"line":356,"column":52}}]},"76":{"type":"branch","line":355,"loc":{"start":{"line":355,"column":11},"end":{"line":355,"column":110}},"locations":[{"start":{"line":355,"column":11},"end":{"line":355,"column":110}}]},"77":{"type":"branch","line":355,"loc":{"start":{"line":355,"column":60},"end":{"line":355,"column":106}},"locations":[{"start":{"line":355,"column":60},"end":{"line":355,"column":106}}]},"78":{"type":"branch","line":355,"loc":{"start":{"line":355,"column":103},"end":{"line":355,"column":106}},"locations":[{"start":{"line":355,"column":103},"end":{"line":355,"column":106}}]},"79":{"type":"branch","line":359,"loc":{"start":{"line":359,"column":7},"end":{"line":363,"column":1}},"locations":[{"start":{"line":359,"column":7},"end":{"line":363,"column":1}}]}},"b":{"0":[2],"1":[0],"2":[0],"3":[25],"4":[0],"5":[6],"6":[25],"7":[17],"8":[8],"9":[1],"10":[1],"11":[36],"12":[1],"13":[5],"14":[2],"15":[0],"16":[2],"17":[3],"18":[1],"19":[1],"20":[3],"21":[2],"22":[0],"23":[2],"24":[4],"25":[1],"26":[0],"27":[1],"28":[1],"29":[0],"30":[1],"31":[5],"32":[1],"33":[4],"34":[1],"35":[1],"36":[1],"37":[3],"38":[1],"39":[0],"40":[0],"41":[1],"42":[1],"43":[0],"44":[0],"45":[1],"46":[1],"47":[0],"48":[0],"49":[1],"50":[3],"51":[1],"52":[0],"53":[0],"54":[1],"55":[3],"56":[0],"57":[1],"58":[0],"59":[1],"60":[0],"61":[3],"62":[0],"63":[1],"64":[0],"65":[1],"66":[0],"67":[4],"68":[0],"69":[1],"70":[0],"71":[0],"72":[1],"73":[0],"74":[1],"75":[0],"76":[1],"77":[1],"78":[0],"79":[11]},"fnMap":{"0":{"name":"loadState","decl":{"start":{"line":67,"column":0},"end":{"line":84,"column":1}},"loc":{"start":{"line":67,"column":0},"end":{"line":84,"column":1}},"line":67},"1":{"name":"saveState","decl":{"start":{"line":89,"column":0},"end":{"line":97,"column":1}},"loc":{"start":{"line":89,"column":0},"end":{"line":97,"column":1}},"line":89},"2":{"name":"getState","decl":{"start":{"line":102,"column":7},"end":{"line":104,"column":1}},"loc":{"start":{"line":102,"column":7},"end":{"line":104,"column":1}},"line":102},"3":{"name":"setState","decl":{"start":{"line":110,"column":7},"end":{"line":118,"column":1}},"loc":{"start":{"line":110,"column":7},"end":{"line":118,"column":1}},"line":110},"4":{"name":"subscribe","decl":{"start":{"line":125,"column":7},"end":{"line":128,"column":1}},"loc":{"start":{"line":125,"column":7},"end":{"line":128,"column":1}},"line":125},"5":{"name":"notifyListeners","decl":{"start":{"line":130,"column":0},"end":{"line":132,"column":1}},"loc":{"start":{"line":130,"column":0},"end":{"line":132,"column":1}},"line":130},"6":{"name":"initStoreSession","decl":{"start":{"line":139,"column":7},"end":{"line":153,"column":1}},"loc":{"start":{"line":139,"column":7},"end":{"line":153,"column":1}},"line":139},"7":{"name":"migrateLocalDataToSupabase","decl":{"start":{"line":159,"column":7},"end":{"line":180,"column":1}},"loc":{"start":{"line":159,"column":7},"end":{"line":180,"column":1}},"line":159},"8":{"name":"syncDataFromSupabase","decl":{"start":{"line":186,"column":7},"end":{"line":251,"column":1}},"loc":{"start":{"line":186,"column":7},"end":{"line":251,"column":1}},"line":186},"9":{"name":"getProfile","decl":{"start":{"line":255,"column":7},"end":{"line":255,"column":54}},"loc":{"start":{"line":255,"column":7},"end":{"line":255,"column":54}},"line":255},"10":{"name":"setProfile","decl":{"start":{"line":257,"column":7},"end":{"line":260,"column":1}},"loc":{"start":{"line":257,"column":7},"end":{"line":260,"column":1}},"line":257},"11":{"name":"isOnboardingComplete","decl":{"start":{"line":262,"column":7},"end":{"line":262,"column":93}},"loc":{"start":{"line":262,"column":7},"end":{"line":262,"column":93}},"line":262},"12":{"name":"setOnboardingComplete","decl":{"start":{"line":264,"column":7},"end":{"line":269,"column":1}},"loc":{"start":{"line":264,"column":7},"end":{"line":269,"column":1}},"line":264},"13":{"name":"getActivities","decl":{"start":{"line":271,"column":7},"end":{"line":271,"column":60}},"loc":{"start":{"line":271,"column":7},"end":{"line":271,"column":60}},"line":271},"14":{"name":"addActivity","decl":{"start":{"line":273,"column":7},"end":{"line":276,"column":1}},"loc":{"start":{"line":273,"column":7},"end":{"line":276,"column":1}},"line":273},"15":{"name":"getGoals","decl":{"start":{"line":278,"column":7},"end":{"line":278,"column":50}},"loc":{"start":{"line":278,"column":7},"end":{"line":278,"column":50}},"line":278},"16":{"name":"addGoal","decl":{"start":{"line":280,"column":7},"end":{"line":283,"column":1}},"loc":{"start":{"line":280,"column":7},"end":{"line":283,"column":1}},"line":280},"17":{"name":"updateGoal","decl":{"start":{"line":285,"column":7},"end":{"line":291,"column":1}},"loc":{"start":{"line":285,"column":7},"end":{"line":291,"column":1}},"line":285},"18":{"name":"getAchievements","decl":{"start":{"line":293,"column":7},"end":{"line":293,"column":64}},"loc":{"start":{"line":293,"column":7},"end":{"line":293,"column":64}},"line":293},"19":{"name":"getSettings","decl":{"start":{"line":294,"column":7},"end":{"line":294,"column":56}},"loc":{"start":{"line":294,"column":7},"end":{"line":294,"column":56}},"line":294},"20":{"name":"setSetting","decl":{"start":{"line":296,"column":7},"end":{"line":298,"column":1}},"loc":{"start":{"line":296,"column":7},"end":{"line":298,"column":1}},"line":296},"21":{"name":"getMemory","decl":{"start":{"line":300,"column":7},"end":{"line":300,"column":52}},"loc":{"start":{"line":300,"column":7},"end":{"line":300,"column":52}},"line":300},"22":{"name":"acceptSuggestion","decl":{"start":{"line":302,"column":7},"end":{"line":306,"column":1}},"loc":{"start":{"line":302,"column":7},"end":{"line":306,"column":1}},"line":302},"23":{"name":"ignoreSuggestion","decl":{"start":{"line":308,"column":7},"end":{"line":312,"column":1}},"loc":{"start":{"line":308,"column":7},"end":{"line":312,"column":1}},"line":308},"24":{"name":"completeChallenge","decl":{"start":{"line":314,"column":7},"end":{"line":318,"column":1}},"loc":{"start":{"line":314,"column":7},"end":{"line":318,"column":1}},"line":314},"25":{"name":"getTimeline","decl":{"start":{"line":320,"column":7},"end":{"line":320,"column":56}},"loc":{"start":{"line":320,"column":7},"end":{"line":320,"column":56}},"line":320},"26":{"name":"logTimelineEvent","decl":{"start":{"line":322,"column":7},"end":{"line":326,"column":1}},"loc":{"start":{"line":322,"column":7},"end":{"line":326,"column":1}},"line":322},"27":{"name":"getSimulations","decl":{"start":{"line":328,"column":7},"end":{"line":328,"column":68}},"loc":{"start":{"line":328,"column":7},"end":{"line":328,"column":68}},"line":328},"28":{"name":"addLocalSimulation","decl":{"start":{"line":330,"column":7},"end":{"line":334,"column":1}},"loc":{"start":{"line":330,"column":7},"end":{"line":334,"column":1}},"line":330},"29":{"name":"getGoalsShared","decl":{"start":{"line":336,"column":7},"end":{"line":336,"column":81}},"loc":{"start":{"line":336,"column":7},"end":{"line":336,"column":81}},"line":336},"30":{"name":"getPurchases","decl":{"start":{"line":338,"column":7},"end":{"line":338,"column":64}},"loc":{"start":{"line":338,"column":7},"end":{"line":338,"column":64}},"line":338},"31":{"name":"addLocalPurchase","decl":{"start":{"line":340,"column":7},"end":{"line":344,"column":1}},"loc":{"start":{"line":340,"column":7},"end":{"line":344,"column":1}},"line":340},"32":{"name":"getNotifications","decl":{"start":{"line":346,"column":7},"end":{"line":346,"column":72}},"loc":{"start":{"line":346,"column":7},"end":{"line":346,"column":72}},"line":346},"33":{"name":"addLocalNotification","decl":{"start":{"line":348,"column":7},"end":{"line":352,"column":1}},"loc":{"start":{"line":348,"column":7},"end":{"line":352,"column":1}},"line":348},"34":{"name":"markLocalNotificationRead","decl":{"start":{"line":354,"column":7},"end":{"line":357,"column":1}},"loc":{"start":{"line":354,"column":7},"end":{"line":357,"column":1}},"line":354},"35":{"name":"resetState","decl":{"start":{"line":359,"column":7},"end":{"line":363,"column":1}},"loc":{"start":{"line":359,"column":7},"end":{"line":363,"column":1}},"line":359}},"f":{"0":2,"1":25,"2":6,"3":25,"4":1,"5":36,"6":0,"7":0,"8":0,"9":5,"10":2,"11":3,"12":1,"13":3,"14":2,"15":4,"16":1,"17":1,"18":0,"19":1,"20":1,"21":3,"22":1,"23":1,"24":1,"25":3,"26":1,"27":3,"28":1,"29":0,"30":3,"31":1,"32":4,"33":1,"34":1,"35":11}}
,"C:\\sustaina\\src\\utils\\formatters.js": {"path":"C:\\sustaina\\src\\utils\\formatters.js","all":true,"statementMap":{"0":{"start":{"line":1,"column":0},"end":{"line":1,"column":3}},"1":{"start":{"line":2,"column":0},"end":{"line":2,"column":71}},"2":{"start":{"line":3,"column":0},"end":{"line":3,"column":3}},"3":{"start":{"line":4,"column":0},"end":{"line":4,"column":0}},"4":{"start":{"line":5,"column":0},"end":{"line":5,"column":3}},"5":{"start":{"line":6,"column":0},"end":{"line":6,"column":43}},"6":{"start":{"line":7,"column":0},"end":{"line":7,"column":25}},"7":{"start":{"line":8,"column":0},"end":{"line":8,"column":20}},"8":{"start":{"line":9,"column":0},"end":{"line":9,"column":3}},"9":{"start":{"line":10,"column":0},"end":{"line":10,"column":39}},"10":{"start":{"line":11,"column":0},"end":{"line":11,"column":41}},"11":{"start":{"line":12,"column":0},"end":{"line":12,"column":22}},"12":{"start":{"line":13,"column":0},"end":{"line":13,"column":20}},"13":{"start":{"line":14,"column":0},"end":{"line":14,"column":28}},"14":{"start":{"line":15,"column":0},"end":{"line":15,"column":19}},"15":{"start":{"line":16,"column":0},"end":{"line":16,"column":1}},"16":{"start":{"line":17,"column":0},"end":{"line":17,"column":0}},"17":{"start":{"line":18,"column":0},"end":{"line":18,"column":3}},"18":{"start":{"line":19,"column":0},"end":{"line":19,"column":48}},"19":{"start":{"line":20,"column":0},"end":{"line":20,"column":27}},"20":{"start":{"line":21,"column":0},"end":{"line":21,"column":20}},"21":{"start":{"line":22,"column":0},"end":{"line":22,"column":3}},"22":{"start":{"line":23,"column":0},"end":{"line":23,"column":37}},"23":{"start":{"line":24,"column":0},"end":{"line":24,"column":26}},"24":{"start":{"line":25,"column":0},"end":{"line":25,"column":56}},"25":{"start":{"line":26,"column":0},"end":{"line":26,"column":19}},"26":{"start":{"line":27,"column":0},"end":{"line":27,"column":19}},"27":{"start":{"line":28,"column":0},"end":{"line":28,"column":19}},"28":{"start":{"line":29,"column":0},"end":{"line":29,"column":5}},"29":{"start":{"line":30,"column":0},"end":{"line":30,"column":1}},"30":{"start":{"line":31,"column":0},"end":{"line":31,"column":0}},"31":{"start":{"line":32,"column":0},"end":{"line":32,"column":3}},"32":{"start":{"line":33,"column":0},"end":{"line":33,"column":39}},"33":{"start":{"line":34,"column":0},"end":{"line":34,"column":32}},"34":{"start":{"line":35,"column":0},"end":{"line":35,"column":20}},"35":{"start":{"line":36,"column":0},"end":{"line":36,"column":3}},"36":{"start":{"line":37,"column":0},"end":{"line":37,"column":37}},"37":{"start":{"line":38,"column":0},"end":{"line":38,"column":22}},"38":{"start":{"line":39,"column":0},"end":{"line":39,"column":54}},"39":{"start":{"line":40,"column":0},"end":{"line":40,"column":3}},"40":{"start":{"line":41,"column":0},"end":{"line":41,"column":39}},"41":{"start":{"line":42,"column":0},"end":{"line":42,"column":1}},"42":{"start":{"line":43,"column":0},"end":{"line":43,"column":0}},"43":{"start":{"line":44,"column":0},"end":{"line":44,"column":3}},"44":{"start":{"line":45,"column":0},"end":{"line":45,"column":33}},"45":{"start":{"line":46,"column":0},"end":{"line":46,"column":24}},"46":{"start":{"line":47,"column":0},"end":{"line":47,"column":20}},"47":{"start":{"line":48,"column":0},"end":{"line":48,"column":3}},"48":{"start":{"line":49,"column":0},"end":{"line":49,"column":35}},"49":{"start":{"line":50,"column":0},"end":{"line":50,"column":24}},"50":{"start":{"line":51,"column":0},"end":{"line":51,"column":63}},"51":{"start":{"line":52,"column":0},"end":{"line":52,"column":1}}},"s":{"0":0,"1":0,"2":0,"3":0,"4":0,"5":0,"6":0,"7":0,"8":0,"9":0,"10":0,"11":0,"12":0,"13":0,"14":0,"15":0,"16":0,"17":0,"18":0,"19":0,"20":0,"21":0,"22":0,"23":0,"24":0,"25":0,"26":0,"27":0,"28":0,"29":0,"30":0,"31":0,"32":0,"33":0,"34":0,"35":0,"36":0,"37":0,"38":0,"39":0,"40":0,"41":0,"42":0,"43":0,"44":0,"45":0,"46":0,"47":0,"48":0,"49":0,"50":0,"51":0},"branchMap":{"0":{"type":"branch","line":1,"loc":{"start":{"line":1,"column":1185},"end":{"line":52,"column":1}},"locations":[{"start":{"line":1,"column":1185},"end":{"line":52,"column":1}}]}},"b":{"0":[0]},"fnMap":{"0":{"name":"(empty-report)","decl":{"start":{"line":1,"column":1185},"end":{"line":52,"column":1}},"loc":{"start":{"line":1,"column":1185},"end":{"line":52,"column":1}},"line":1}},"f":{"0":0}}
}
